[   00000000]]IIiiiillzznn  group sussssccuuee
[    ..00000] Iiitializin  ggroppssbbyy  pp
[   0.0000  niiillzzng crruu sbsysccuucct
[  0000000]Liuxvvrriion 4.4.0-130-generic (uuld@lgw01-amd64-039  (gccvvrriinn5... 2010000  UUuutu554.0-uuuutt1111.0..) ) 1166UUuutt  MM  hh  uun 4400::3322 UTC 2018 (Ubuntu 4.4.0-130.156-generic 4.4.134)
[    0.000000] Command line: BOOT_IMAGE=/boot/vmlinuz-4.4.0-130-generic root=LABEL=cloudimg-rootfs ro console=tty1 console=ttyS0
[    0.000000] KERNEL supported cpus:
[    0.000000]   Intel GenuineIntel
[    0.000000]   AMD AuthenticAMD
[    0.000000]   Centaur CentaurHauls
[    0.000000] x86/fpu: xstate_offset[2]:  576, xstate_sizes[2]:  256
[    0.000000] x86/fpu: Supporting XSAVE feature 0x01: 'x87 floating point registers'
[    0.000000] x86/fpu: Supporting XSAVE feature 0x02: 'SSE registers'
[    0.000000] x86/fpu: Supporting XSAVE feature 0x04: 'AVX registers'
[    0.000000] x86/fpu: Enabled xstate features 0x7, context size is 832 bytes, using 'standard' format.
[    0.000000] x86/fpu: Using 'eager' FPU context switches.
[    0.000000] e820: BIOS-provided physical RAM map:
[    0.000000] BIOS-e820: [mem 0x0000000000000000-0x000000000009fbff] usable
[    0.000000] BIOS-e820: [mem 0x000000000009fc00-0x000000000009ffff] reserved
[    0.000000] BIOS-e820: [mem 0x00000000000f0000-0x00000000000fffff] reserved
[    0.000000] BIOS-e820: [mem 0x0000000000100000-0x000000003ffeffff] usable
[    0.000000] BIOS-e820: [mem 0x000000003fff0000-0x000000003fffffff] ACPI data
[    0.000000] BIOS-e820: [mem 0x00000000fec00000-0x00000000fec00fff] reserved
[    0.000000] BIOS-e820: [mem 0x00000000fee00000-0x00000000fee00fff] reserved
[    0.000000] BIOS-e820: [mem 0x00000000fffc0000-0x00000000ffffffff] reserved
[    0.000000] NX (Execute Disable) protection: active
[    0.000000] SMBIOS 2.5 present.
[    0.000000] Hypervisor detected: KVM
[    0.000000] e820: last_pfn = 0x3fff0 max_arch_pfn = 0x400000000
[    0.000000] MTRR: Disabled
[    0.000000] x86/PAT: MTRRs disabled, skipping PAT initialization too.
[    0.000000] CPU MTRRs all blank - virtualized system.
[    0.000000] x86/PAT: Configuration [0-7]: WB  WT  UC- UC  WB  WT  UC- UC  
[    0.000000] found SMP MP-table at [mem 0x0009fff0-0x0009ffff] mapped at [ffff88000009fff0]
[    0.000000] Scanning 1 areas for low memory corruption
[    0.000000] RAMDISK: [mem 0x36aa2000-0x37548fff]
[    0.000000] ACPI: Early table checksum verification disabled
[    0.000000] ACPI: RSDP 0x00000000000E0000 000024 (v02 VBOX  )
[    0.000000] ACPI: XSDT 0x000000003FFF0030 00003C (v01 VBOX   VBOXXSDT 00000001 ASL  00000061)
[    0.000000] ACPI: FACP 0x000000003FFF00F0 0000F4 (v04 VBOX   VBOXFACP 00000001 ASL  00000061)
[    0.000000] ACPI: DSDT 0x000000003FFF0470 0021FF (v02 VBOX   VBOXBIOS 00000002 INTL 20180105)
[    0.000000] ACPI: FACS 0x000000003FFF0200 000040
[    0.000000] ACPI: FACS 0x000000003FFF0200 000040
[    0.000000] ACPI: APIC 0x000000003FFF0240 000054 (v02 VBOX   VBOXAPIC 00000001 ASL  00000061)
[    0.000000] ACPI: SSDT 0x000000003FFF02A0 0001CC (v01 VBOX   VBOXCPUT 00000002 INTL 20180105)
[    0.000000] No NUMA configuration found
[    0.000000] Faking a node at [mem 0x0000000000000000-0x000000003ffeffff]
[    0.000000] NODE_DATA(0) allocated [mem 0x3ffeb000-0x3ffeffff]
[    0.000000] kvm-clock: Using msrs 4b564d01 and 4b564d00
[    0.000000] kvm-clock: cpu 0, msr 0:3ffe3001, primary cpu clock
[    0.000000] kvm-clock: using sched offset of 3184397247 cycles
[    0.000000] clocksource: kvm-clock: mask: 0xffffffffffffffff max_cycles: 0x1cd42e4dffb, max_idle_ns: 881590591483 ns
[    0.000000] Zone ranges:
[    0.000000]   DMA      [mem 0x0000000000001000-0x0000000000ffffff]
[    0.000000]   DMA32    [mem 0x0000000001000000-0x000000003ffeffff]
[    0.000000]   Normal   empty
[    0.000000]   Device   empty
[    0.000000] Movable zone start for each node
[    0.000000] Early memory node ranges
[    0.000000]   node   0: [mem 0x0000000000001000-0x000000000009efff]
[    0.000000]   node   0: [mem 0x0000000000100000-0x000000003ffeffff]
[    0.000000] Initmem setup node 0 [mem 0x0000000000001000-0x000000003ffeffff]
[    0.000000] ACPI: PM-Timer IO Port: 0x4008
[    0.000000] IOAPIC[0]: apic_id 1, version 32, address 0xfec00000, GSI 0-23
[    0.000000] ACPI: INT_SRC_OVR (bus 0 bus_irq 0 global_irq 2 dfl dfl)
[    0.000000] ACPI: INT_SRC_OVR (bus 0 bus_irq 9 global_irq 9 low level)
[    0.000000] Using ACPI (MADT) for SMP configuration information
[    0.000000] smpboot: Allowing 1 CPUs, 0 hotplug CPUs
[    0.000000] PM: Registered nosave memory: [mem 0x00000000-0x00000fff]
[    0.000000] PM: Registered nosave memory: [mem 0x0009f000-0x0009ffff]
[    0.000000] PM: Registered nosave memory: [mem 0x000a0000-0x000effff]
[    0.000000] PM: Registered nosave memory: [mem 0x000f0000-0x000fffff]
[    0.000000] e820: [mem 0x40000000-0xfebfffff] available for PCI devices
[    0.000000] Booting paravirtualized kernel on KVM
[    0.000000] clocksource: refined-jiffies: mask: 0xffffffff max_cycles: 0xffffffff, max_idle_ns: 7645519600211568 ns
[    0.000000] setup_percpu: NR_CPUS:512 nr_cpumask_bits:512 nr_cpu_ids:1 nr_node_ids:1
[    0.000000] PERCPU: Embedded 34 pages/cpu @ffff88003fc00000 s99544 r8192 d31528 u2097152
[    0.000000] PV qspinlock hash table entries: 256 (order: 0, 4096 bytes)
[    0.000000] Built 1 zonelists in Node order, mobility grouping on.  Total pages: 257912
[    0.000000] Policy zone: DMA32
[    0.000000] Kernel command line: BOOT_IMAGE=/boot/vmlinuz-4.4.0-130-generic root=LABEL=cloudimg-rootfs ro console=tty1 console=ttyS0
[    0.000000] PID hash table entries: 4096 (order: 3, 32768 bytes)
[    0.000000] Memory: 1001744K/1048120K available (8546K kernel code, 1313K rwdata, 4000K rodata, 1516K init, 1316K bss, 46376K reserved, 0K cma-reserved)
[    0.000000] SLUB: HWalign=64, Order=0-3, MinObjects=0, CPUs=1, Nodes=1
[    0.000000] Kernel/User page tables isolation: enabled
[    0.000000] Hierarchical RCU implementation.
[    0.000000] 	Build-time adjustment of leaf fanout to 64.
[    0.000000] 	RCU restricting CPUs from NR_CPUS=512 to nr_cpu_ids=1.
[    0.000000] RCU: Adjusting geometry for rcu_fanout_leaf=64, nr_cpu_ids=1
[    0.000000] NR_IRQS:33024 nr_irqs:256 16
[    0.000000] Console: colour VGA+ 80x25
[    0.000000] console [tty1] enabled
[    0.000000] console [ttyS0] enabled
[    0.000000] tsc: Detected 2302.360 MHz processor
[    1.593014] Calibrating delay loop (skipped) preset value.. 4604.72 BogoMIPS (lpj=9209440)
[    1.594318] pid_max: default: 32768 minimum: 301
[    1.594998] ACPI: Core revision 20150930
[    1.596461] ACPI: 2 ACPI AML tables successfully acquired and loaded
[    1.597541] Security Framework initialized
[    1.598169] Yama: becoming mindful.
[    1.598738] AppArmor: AppArmor initialized
[    1.599432] Dentry cache hash table entries: 131072 (order: 8, 1048576 bytes)
[    1.600990] Inode-cache hash table entries: 65536 (order: 7, 524288 bytes)
[    1.601991] Mount-cache hash table entries: 2048 (order: 2, 16384 bytes)
[    1.602888] Mountpoint-cache hash table entries: 2048 (order: 2, 16384 bytes)
[    1.603959] Initializing cgroup subsys io
[    1.604650] Initializing cgroup subsys memory
[    1.605347] Initializing cgroup subsys devices
[    1.606080] Initializing cgroup subsys freezer
[    1.606817] Initializing cgroup subsys net_cls
[    1.607449] Initializing cgroup subsys perf_event
[    1.608143] Initializing cgroup subsys net_prio
[    1.608807] Initializing cgroup subsys hugetlb
[    1.609480] Initializing cgroup subsys pids
[    1.610228] CPU: Physical Processor ID: 0
[    1.611561] mce: CPU supports 0 MCE banks
[    1.612163] process: using mwait in idle threads
[    1.612822] Last level iTLB entries: 4KB 1024, 2MB 1024, 4MB 1024
[    1.613688] Last level dTLB entries: 4KB 1024, 2MB 1024, 4MB 1024, 1GB 4
[    1.614602] Spectre V2 : Mitigation: Full generic retpoline
[    1.615382] Spectre V2 : Speculation control IBPB not-supported IBRS not-supported
[    1.616341] Speculative Store Bypass: Vulnerable
[    1.636749] Freeing SMP alternatives memory: 32K
[    1.644283] ftrace: allocating 32245 entries in 126 pages
[    1.689160] smpboot: APIC(0) Converting physical 0 to logical package 0
[    1.897187] smpboot: Max logical packages: 1
[    1.898332] x2apic enabled
[    1.899184] Switched APIC routing to physical x2apic.
[    1.901170] ..TIMER: vector=0x30 apic1=0 pin1=2 apic2=-1 pin2=-1
[    2.012039] smpboot: CPU0: Intel(R) Xeon(R) CPU E5-2698 v3 @ 2.30GHz (family: 0x6, model: 0x3f, stepping: 0x2)
[    2.020925] Performance Events: unsupported p6 CPU model 63 no PMU driver, software events only.
[    2.023008] KVM setup paravirtual spinlock
[    2.024627] x86: Booted up 1 node, 1 CPUs
[    2.030131] smpboot: Total of 1 processors activated (4604.72 BogoMIPS)
[    2.039825] devtmpfs: initialized
[    2.041793] evm: security.selinux
[    2.042580] evm: security.SMACK64
[    2.059858] evm: security.SMACK64EXEC
[    2.060764] evm: security.SMACK64TRANSMUTE
[    2.061788] evm: security.SMACK64MMAP
[    2.062701] evm: security.ima
[    2.063475] evm: security.capability
[    2.064509] clocksource: jiffies: mask: 0xffffffff max_cycles: 0xffffffff, max_idle_ns: 7645041785100000 ns
[    2.066650] futex hash table entries: 256 (order: 2, 16384 bytes)
[    2.068074] pinctrl core: initialized pinctrl subsystem
[    2.069378] RTC time: 16:04:43, date: 07/22/18
[    2.070489] NET: Registered protocol family 16
[    2.071632] cpuidle: using governor ladder
[    2.072682] cpuidle: using governor menu
[    2.073668] PCCT header not found.
[    2.074567] ACPI: bus type PCI registered
[    2.077849] acpiphp: ACPI Hot Plug PCI Controller Driver version: 0.5
[    2.078745] PCI: Using configuration type 1 for base access
[    2.080479] ACPI: Added _OSI(Module Device)
[    2.081098] ACPI: Added _OSI(Processor Device)
[    2.081718] ACPI: Added _OSI(3.0 _SCP Extensions)
[    2.082368] ACPI: Added _OSI(Processor Aggregator Device)
[    2.083575] ACPI: Executed 1 blocks of module-level executable AML code
[    2.086136] ACPI: Interpreter enabled
[    2.086709] ACPI: (supports S0 S5)
[    2.087413] ACPI: Using IOAPIC for interrupt routing
[    2.088482] PCI: Using host bridge windows from ACPI; if necessary, use "pci=nocrs" and report a bug
[    2.092867] ACPI: PCI Root Bridge [PCI0] (domain 0000 [bus 00-ff])
[    2.093993] acpi PNP0A03:00: _OSC: OS supports [ASPM ClockPM Segments MSI]
[    2.095218] acpi PNP0A03:00: _OSC: not requesting OS control; OS requires [ExtendedConfig ASPM ClockPM MSI]
[    2.096968] acpi PNP0A03:00: fail to add MMCONFIG information, can't access extended PCI configuration space under this bridge.
[    2.099102] PCI host bridge to bus 0000:00
[    2.099750] pci_bus 0000:00: root bus resource [io  0x0000-0x0cf7 window]
[    2.100724] pci_bus 0000:00: root bus resource [io  0x0d00-0xffff window]
[    2.101622] pci_bus 0000:00: root bus resource [mem 0x000a0000-0x000bffff window]
[    2.102834] pci_bus 0000:00: root bus resource [mem 0x40000000-0xfdffffff window]
[    2.104008] pci_bus 0000:00: root bus resource [bus 00-ff]
[    2.105932] pci 0000:00:01.1: legacy IDE quirk: reg 0x10: [io  0x01f0-0x01f7]
[    2.106890] pci 0000:00:01.1: legacy IDE quirk: reg 0x14: [io  0x03f6]
[    2.107806] pci 0000:00:01.1: legacy IDE quirk: reg 0x18: [io  0x0170-0x0177]
[    2.108775] pci 0000:00:01.1: legacy IDE quirk: reg 0x1c: [io  0x0376]
[    2.120477] pci 0000:00:07.0: quirk: [io  0x4000-0x403f] claimed by PIIX4 ACPI
[    2.129031] pci 0000:00:07.0: quirk: [io  0x4100-0x410f] claimed by PIIX4 SMB
[    2.136595] ACPI: PCI Interrupt Link [LNKA] (IRQs 5 9 10 *11)
[    2.138275] ACPI: PCI Interrupt Link [LNKB] (IRQs 5 9 *10 11)
[    2.139868] ACPI: PCI Interrupt Link [LNKC] (IRQs 5 *9 10 11)
[    2.150599] ACPI: PCI Interrupt Link [LNKD] (IRQs 5 9 10 *11)
[    2.160184] ACPI: Enabled 2 GPEs in block 00 to 07
[    2.161540] vgaarb: setting as boot device: PCI:0000:00:02.0
[    2.162842] vgaarb: device added: PCI:0000:00:02.0,decodes=io+mem,owns=io+mem,locks=none
[    2.164803] vgaarb: loaded
[    2.165528] vgaarb: bridge control possible 0000:00:02.0
[    2.166945] SCSI subsystem initialized
[    2.167923] ACPI: bus type USB registered
[    2.168926] usbcore: registered new interface driver usbfs
[    2.170209] usbcore: registered new interface driver hub
[    2.171531] usbcore: registered new device driver usb
[    2.185470] PCI: Using ACPI for IRQ routing
[    2.419166] NetLabel: Initializing
[    2.459355] NetLabel:  domain hash size = 128
[    2.460419] NetLabel:  protocols = UNLABELED CIPSOv4
[    2.461607] NetLabel:  unlabeled traffic allowed by default
[    2.463069] amd_nb: Cannot enumerate AMD northbridges
[    2.464312] clocksource: Switched to clocksource kvm-clock
[    2.471048] AppArmor: AppArmor Filesystem Enabled
[    2.474100] pnp: PnP ACPI init
[    2.475520] pnp: PnP ACPI: found 3 devices
[    2.483285] clocksource: acpi_pm: mask: 0xffffff max_cycles: 0xffffff, max_idle_ns: 2085701024 ns
[    2.484938] NET: Registered protocol family 2
[    2.489243] TCP established hash table entries: 8192 (order: 4, 65536 bytes)
[    2.490810] TCP bind hash table entries: 8192 (order: 5, 131072 bytes)
[    2.492214] TCP: Hash tables configured (established 8192 bind 8192)
[    2.493673] UDP hash table entries: 512 (order: 2, 16384 bytes)
[    2.495053] UDP-Lite hash table entries: 512 (order: 2, 16384 bytes)
[    2.496246] NET: Registered protocol family 1
[    2.497043] pci 0000:00:00.0: Limiting direct PCI/PCI transfers
[    2.497970] pci 0000:00:01.0: Activating ISA DMA hang workarounds
[    2.499043] Unpacking initramfs...
[    3.992348] Freeingiiiirr  eeooyy  0000KK

[   44.394126] RAPL PMU detected, API unit is 2^-32 Joules, 3 fixed counters 10737418240 ms ovfl timer
[    4.477586] hw unit of domain pp0-core 2^-0 Joules
[    4.478761] hw unit of domain package 2^-0 Joules
[    4.479949] hw unit of domain dram 2^-16 Joules
[    4.481170] platform rtc_cmos: registered platform RTC device (no PNP device found)
[    4.483114] Scanning for low memory corruption every 60 seconds
[    4.484775] audit: initializing netlink subsys (disabled)
[    4.486175] audit: type=2000 audit(1532275488.529:1): initialized
[    4.487796] Initialise system trusted keyring
[    4.488675] HugeTLB registered 2 MB page size, pre-allocated 0 pages
[    4.490682] zbud: loaded
[    4.491442] VFS: Disk quotas dquot_6.6.0
[    4.492056] VFS: Dquot-cache hash table entries: 512 (order 0, 4096 bytes)
[    4.493242] squashfs: version 4.0 (2009/01/31) Phillip Lougher
[    4.494198] fuse init (API version 7.23)
[    4.494882] Key type big_key registered
[    4.495483] Allocating IMA MOK and blacklist keyrings.
[    4.496390] Key type asymmetric registered
[    4.497038] Asymmetric key parser 'x509' registered
[    4.497741] Block layer SCSI generic (bsg) driver version 0.4 loaded (major 249)
[    4.499027] io scheduler noop registered
[    4.499752] io scheduler deadline registered (default)
[    4.500729] io scheduler cfq registered
[    4.501467] pci_hotplug: PCI Hot Plug PCI Core version: 0.5
[    4.502357] pciehp: PCI Express Hot Plug Controller Driver version: 0.4
[    4.503529] ACPI: AC Adapter [AC] (on-line)
[    4.504467] input: Power Button as /devices/LNXSYSTM:00/LNXPWRBN:00/input/input0
[    4.505975] ACPI: Power Button [PWRF]
[    4.506770] input: Sleep Button as /devices/LNXSYSTM:00/LNXSLPBN:00/input/input1
[    4.508121] ACPI: Sleep Button [SLPF]
[    4.508875] GHES: HEST is not enabled!
[    4.509559] Serial: 8250/16550 driver, 32 ports, IRQ sharing enabled
[    4.531659] 00:02: ttyS0 at I/O 0x3f8 (irq = 4, base_baud = 115200) is a 16550A
[    4.535338] Linux agpgart interface v0.103
[    4.536912] loop: module loaded
[    4.537821] scsi host0: ata_piix
[    4.538558] scsi host1: ata_piix
[    4.539371] ata1: PATA max UDMA/33 cmd 0x1f0 ctl 0x3f6 bmdma 0xd000 irq 14
[    4.540609] ata2: PATA max UDMA/33 cmd 0x170 ctl 0x376 bmdma 0xd008 irq 15
[    4.541976] libphy: Fixed MDIO Bus: probed
[    4.542825] tun: Universal TUN/TAP device driver, 1.6
[    4.543731] tun: (C) 1999-2004 Max Krasnyansky <maxk@qualcomm.com>
[    4.545076] PPP generic driver version 2.4.2
[    4.545979] ehci_hcd: USB 2.0 'Enhanced' Host Controller (EHCI) Driver
[    4.547073] ehci-pci: EHCI PCI platform driver
[    4.565713] ehci-platform: EHCI generic platform driver
[    4.566407] ohci_hcd: USB 1.1 'Open' Host Controller (OHCI) Driver
[    4.567208] ohci-pci: OHCI PCI platform driver
[    4.567844] ohci-platform: OHCI generic platform driver
[    4.568946] uhci_hcd: USB Universal Host Controller Interface driver
[    4.570194] i8042: PNP: PS/2 Controller [PNP0303:PS2K,PNP0f03:PS2M] at 0x60,0x64 irq 1,12
[    4.572228] serio: i8042 KBD port at 0x60,0x64 irq 1
[    4.573233] serio: i8042 AUX port at 0x60,0x64 irq 12
[    4.574337] mousedev: PS/2 mouse device common for all mice
[    4.575665] input: AT Translated Set 2 keyboard as /devices/platform/i8042/serio0/input/input2
[    4.577766] rtc_cmos rtc_cmos: rtc core: registered rtc_cmos as rtc0
[    4.579042] rtc_cmos rtc_cmos: alarms up to one day, 114 bytes nvram
[    4.580267] i2c /dev entries driver
[    4.580879] device-mapper: uevent: version 1.0.3
[    4.581578] device-mapper: ioctl: 4.34.0-ioctl (2015-10-28) initialised: dm-devel@redhat.com
[    4.582823] ledtrig-cpu: registered to indicate activity on CPUs
[    4.583783] NET: Registered protocol family 10
[    4.584661] NET: Registered protocol family 17
[    4.585410] Key type dns_resolver registered
[    4.586218] registered taskstats version 1
[    4.586838] Loading compiled-in X.509 certificates
[    4.588059] Loaded X.509 cert 'Build time autogenerated kernel key: b3e0fe4bcd6378c38a2c0a4648abbc1fa5043a22'
[    4.589462] zswap: loaded using pool lzo/zbud
[    4.591331] Key type trusted registered
[    4.594040] Key type encrypted registered
[    4.594645] AppArmor: AppArmor sha1 policy hashing enabled
[    4.595384] ima: No TPM chip found, activating TPM-bypass!
[    4.596143] ima: Allocated hash algorithm: sha1
[    4.596992] evm: HMAC attrs: 0x1
[    4.597822]   Magic number: 10:868:85
[    4.598549] rtc_cmos rtc_cmos: setting system clock to 2018-07-22 16:04:45 UTC (1532275485)
[    4.600148] BIOS EDD facility v0.16 2004-Jun-25, 0 devices found
[    4.601186] EDD information not available.
[    4.702039] Freeing unused kernel memory: 1516K
[    4.706060] Write protecting the kernel read-only data: 14336k
[    4.708403] Freeing unused kernel memory: 1680K
[    4.709810] Freeing unused kernel memory: 96K
Loading, please wait...
starting version 229
[    4.724201] random: udevadm: uninitialized urandom read (16 bytes read, 2 bits of entropy available)
[    4.727099] random: systemd-udevd: uninitialized urandom read (16 bytes read, 2 bits of entropy available)
[    4.732098] random: systemd-udevd: uninitialized urandom read (16 bytes read, 2 bits of entropy available)
[    4.734712] random: udevadm: uninitialized urandom read (16 bytes read, 2 bits of entropy available)
[    4.742126] random: systemd-udevd: uninitialized urandom read (16 bytes read, 2 bits of entropy available)
[    4.743614] random: systemd-udevd: uninitialized urandom read (16 bytes read, 2 bits of entropy available)
[    4.746101] random: udevadm: uninitialized urandom read (16 bytes read, 2 bits of entropy available)
[    4.747476] random: udevadm: uninitialized urandom read (16 bytes read, 2 bits of entropy available)
[    4.749623] random: systemd-udevd: uninitialized urandom read (16 bytes read, 2 bits of entropy available)
[    4.751077] random: systemd-udevd: uninitialized urandom read (16 bytes read, 2 bits of entropy available)
[    4.806854] e1000: Intel(R) PRO/1000 Network Driver - version 7.3.21-k8-NAPI
[    5.564202] e1000: Copyright (c) 1999-2006 Intel Corporation.
[    5.824307] tsc: Refined TSC clocksource calibration: 2297.887 MHz
[    5.844804] clocksource: tsc: mask: 0xffffffffffffffff max_cycles: 0x211f69285e3, max_idle_ns: 440795249794 ns
[    6.946905] Fusion MPT base driver 3.04.20
[    6.962882] Copyright (c) 1999-2008 LSI Corporation
[    7.000704] AVX2 version of gcm_enc/dec engaged.
[    7.001880] AES CTR mode by8 optimization enabled
[    7.021151] Fusion MPT SPI Host driver 3.04.20
[    7.022966] mptbase: ioc0: Initiating bringup
[    7.084687] ioc0: LSI53C1030 A0: Capabilities={Initiator}
[    7.226956] input: ImExPS/2 Generic Explorer Mouse as /devices/platform/i8042/serio1/input/input4
[    7.245962] scsi host2: ioc0: LSI53C1030 A0, FwRev=00000000h, Ports=1, MaxQ=256, IRQ=20
[    7.358595] scsi 2:0:0:0: Direct-Access     VBOX     HARDDISK         1.0  PQ: 0 ANSI: 5
[    7.361584] scsi target2:0:0: Beginning Domain Validation
[    7.364579] scsi target2:0:0: Domain Validation skipping write tests
[    7.366535] scsi target2:0:0: Ending Domain Validation
[    7.368283] scsi target2:0:0: asynchronous
[    7.370232] scsi 2:0:1:0: Direct-Access     VBOX     HARDDISK         1.0  PQ: 0 ANSI: 5
[    7.372489] scsi target2:0:1: Beginning Domain Validation
[    7.382273] scsi target2:0:1: Domain Validation skipping write tests
[    7.383428] scsi target2:0:1: Ending Domain Validation
[    7.392146] scsi target2:0:1: asynchronous
[    7.489462] sd 2:0:0:0: Attached scsi generic sg0 type 0
[    8.070418] sd 2:0:0:0: [sda] 20971520 512-byte logical blocks: (10.7 GB/10.0 GiB)
[    8.285583] sd 2:0:0:0: [sda] Write Protect is off
[    8.678768] sd 2:0:0:0: [sda] Incomplete mode parameter data
[    8.720447] sd 2:0:0:0: [sda] Assuming drive cache: write through
[    8.722526] sd 2:0:1:0: [sdb] 20480 512-byte logical blocks: (10.5 MB/10.0 MiB)
[    8.724328] sd 2:0:1:0: Attached scsi generic sg1 type 0
[    8.725615] sd 2:0:1:0: [sdb] Write Protect is off
[    8.727764] sd 2:0:1:0: [sdb] Incomplete mode parameter data
[    8.729886] sd 2:0:1:0: [sdb] Assuming drive cache: write through
[    8.747511] e1000 0000:00:03.0 eth0: (PCI:33MHz:32-bit) 02:21:52:1a:0a:14
[    8.748895] e1000 0000:00:03.0 eth0: Intel(R) PRO/1000 Network Connection
[    8.750265]  sda: sda1
[    8.751628] sd 2:0:0:0: [sda] Attached SCSI disk
[    8.752679] sd 2:0:1:0: [sdb] Attached SCSI disk
[    9.101279] e1000 0000:00:08.0 eth1: (PCI:33MHz:32-bit) 08:00:27:c8:2d:5f
[    9.813928] e1000 0000:00:08.0 eth1: Intel(R) PRO/1000 Network Connection
[   10.567338] e1000 0000:00:08.0 enp0s8: renamed from eth1
[   10.747544] e1000 0000:00:03.0 enp0s3: renamed from eth0
Begin: Loading e[   12.583722] md: linear personality registered for level -1
ssential drivers ... [   12.636911] md: multipath personality registered for level -4
[   12.641308] md: raid0 personality registered for level 0
[   12.646342] md: raid1 personality registered for level 1
[   12.722778] raid6: sse2x1   gen() 11088 MB/s
[   13.271931] raid6: sse2x1   xor()  9179 MB/s
[   13.821070] raid6: sse2x2   gen() 13804 MB/s
[   14.370240] raid6: sse2x2   xor()  9814 MB/s
[   14.919375] raid6: sse2x4   gen() 14433 MB/s
[   15.019220] raid6: sse2x4   xor() 12117 MB/s
[   15.518480] raid6: avx2x1   gen() 22994 MB/s
[   16.057628] raid6: avx2x2   gen() 23515 MB/s
[   16.616783] raid6: avx2x4   gen() 29888 MB/s
[   17.076431] raid6: using algorithm avx2x4 gen() 29888 MB/s
[   17.137311] raid6: using avx2x2 recovery algorithm
[   17.140914] xor: automatically using best checksumming function:
[   17.235843]    avx       : 70911.000 MB/sec
[   17.248455] async_tx: api initialized (async)
[   17.676936] md: raid6 personality registered for level 6
[   18.244665] md: raid5 personality registered for level 5
[   18.514670] md: raid4 personality registered for level 4
[   18.521717] md: raid10 personality registered for level 10
done.[   19.129990] Btrfs loaded

Begin: Running /scripts/init-premount ... done.
Begin: Mounting root file system ... Begin: Running /scripts/local-top ... done.
Begin: Running /scripts/local-premount ... Scanning for Btrfs filesystems
done.
Warning: fsck no[   19.448837] EXT4-fs (sda1): mounted filesystem with ordered data mode. Opts: (null)
t present, so skipping root file system
done.
Begin: Running /scripts/local-bottom ... done.
Begin: Running /scripts/init-bottom ... done.
[   19.827362] systemd[1]: systemd 229 running in system mode. (+PAM +AUDIT +SELINUX +IMA +APPARMOR +SMACK +SYSVINIT +UTMP +LIBCRYPTSETUP +GCRYPT +GNUTLS +ACL +XZ -LZ4 +SECCOMP +BLKID +ELFUTILS +KMOD -IDN)
[   19.832012] systemd[1]: Detected virtualization oracle.
[   19.834157] systemd[1]: Detected architecture x86-64.

Welcome to [1mUbuntu 16.04.5 LTS[0m!

[   19.839155] systemd[1]: Set hostname to <ubuntu>.
[   19.843839] systemd[1]: Initializing machine ID from random generator.
[   19.845318] systemd[1]: Installed transient /etc/machine-id file.
[   19.946596] systemd[1]: Listening on udev Kernel Socket.
[[0;32m  OK  [0m] Listening on udev Kernel Socket.
[   19.960477] systemd[1]: Listening on Syslog Socket.
[[0;32m  OK  [0m] Listening on Syslog Socket.
[   19.963153] systemd[1]: Reached target System Time Synchronized.
[[0;32m  OK  [0m] Reached target System Time Synchronized.
[   19.966405] systemd[1]: Started Trigger resolvconf update for networkd DNS.
[[0;32m  OK  [0m] Started Trigger resolvconf update for networkd DNS.
[   19.969954] systemd[1]: Listening on Device-mapper event daemon FIFOs.
[[0;32m  OK  [0m] Listening on Device-mapper event daemon FIFOs.
[   19.973143] systemd[1]: Set up automount Arbitrary Executable File Formats File System Automount Point.
[[0;32m  OK  [0m] Set up automount Arbitrary Executab...ats File System Automount Point.
[   19.975856] systemd[1]: Listening on Journal Audit Socket.
[[0;32m  OK  [0m] Listening on Journal Audit Socket.
[   19.977786] systemd[1]: Listening on Journal Socket (/dev/log).
[[0;32m  OK  [0m] Listening on Journal Socket (/dev/log).
[   19.979914] systemd[1]: Created slice System Slice.
[[0;32m  OK  [0m] Created slice System Slice.
[   19.981801] systemd[1]: Created slice system-serial\x2dgetty.slice.
[[0;32m  OK  [0m] Created slice system-serial\x2dgetty.slice.
[   19.983880] systemd[1]: Listening on LVM2 metadata daemon socket.
[[0;32m  OK  [0m] Listening on LVM2 metadata daemon socket.
[   19.985914] systemd[1]: Listening on udev Control Socket.
[[0;32m  OK  [0m] Listening on udev Control Socket.
[   19.987892] systemd[1]: Reached target Encrypted Volumes.
[[0;32m  OK  [0m] Reached target Encrypted Volumes.
[   19.989948] systemd[1]: Reached target User and Group Name Lookups.
[[0;32m  OK  [0m] Reached target User and Group Name Lookups.
[   19.992041] systemd[1]: Listening on /dev/initctl Compatibility Named Pipe.
[[0;32m  OK  [0m] Listening on /dev/initctl Compatibility Named Pipe.
[   19.994362] systemd[1]: Reached target Swap.
[[0;32m  OK  [0m] Reached target Swap.
[   19.996024] systemd[1]: Started Forward Password Requests to Wall Directory Watch.
[[0;32m  OK  [0m] Started Forward Password Requests to Wall Directory Watch.
[   19.998552] systemd[1]: Listening on Journal Socket.
[[0;32m  OK  [0m] Listening on Journal Socket.
[   20.000743] systemd[1]: Starting Remount Root and Kernel File Systems...
         Starting Remount Root and Kernel File Systems...
[   20.003260] systemd[1]: Starting Journal Service...
         Starting Journal Service...
[   20.007302] systemd[1]: Starting Monitoring of LVM2 mirrors, snapshots etc. using dmeventd or progress polling...
[   20.011375] EXT4-fs (sda1): re-mounted. Opts: (null)
         Starting Monitoring of LVM2 mirrors... dmeventd or progress polling...
[   20.019785] systemd[1]: Starting Load Kernel Modules...
         Starting Load Kernel Modules...
[   20.026934] systemd[1]: Mounting Huge Pages File System...
         Mounting Huge Pages File System...
[   20.034859] Loading iSCSI transport class v2.0-870.
[   20.036229] systemd[1]: Starting Nameserver information manager...
         Starting Nameserver information manager...
[   20.041598] systemd[1]: Starting Uncomplicated firewall...
         Starting Uncomplicated firewall...
[   20.061412] systemd[1]: Starting Create list of required static device nodes for the current kernel...
         Starting Create list of required st... nodes for the current kernel...[   20.066921] iscsi: registered transport (tcp)

[   20.069434] systemd[1]: Mounting POSIX Message Queue File System...
         Mounting POSIX Message Queue File System...
[   20.077507] systemd[1]: Mounting Debug File System...
         Mounting Debug File System...
[   20.084646] systemd[1]: Created slice User and Session Slice.
[[0;32m  OK  [0m] Created slice User and Session Slice.
[   20.090188] systemd[1]: Reached target Slices.
[[0;32m  OK  [0m] Reached target Slices.
[   20.096559] systemd[1]: Listening on LVM2 poll daemon socket.
[[0;32m  OK  [0m] Listening on LVM2 poll daemon socket.
[   20.103875] systemd[1]: Starting Set console keymap...
[   20.106529] iscsi: registered transport (iser)
         Starting Set console keymap...
[   20.112845] systemd[1]: Mounted Debug File System.
[[0;32m  OK  [0m] Mounted Debug File System.
[   20.116881] systemd[1]: Mounted Huge Pages File System.
[[0;32m  OK  [0m] Mounted Huge Pages File System.
[   20.124839] systemd[1]: Mounted POSIX Message Queue File System.
[[0;32m  OK  [0m] Mounted POSIX Message Queue File System.
[   20.131729] systemd[1]: Started Journal Service.
[[0;32m  OK  [0m] Started Journal Service.
[[0;32m  OK  [0m] Started Remount Root and Kernel File Systems.
[[0;32m  OK  [0m] Started Load Kernel Modules.
[[0;32m  OK  [0m] Started Uncomplicated firewall.
[[0;32m  OK  [0m] Started Create list of required sta...ce nodes for the current kernel.
[[0;32m  OK  [0m] Started Set console keymap.
[[0;32m  OK  [0m] Started Nameserver information manager.
[[0;32m  OK  [0m] Started LVM2 metadata daemon.
         Starting Create Static Device Nodes in /dev...
         Mounting FUSE Control File System...
         Starting Apply Kernel Variables...
         Starting udev Coldplug all Devices...
         Starting Load/Save Random Seed...
         Starting Flush Journal to Persistent Storage...
[[0;32m  OK  [0m] Mounted FUSE Control File System.
[[0;32m  OK  [0m] Started Create Static Device Nodes in /dev.
[[0;32m  OK  [0m] Started Apply Kernel Variables.
[[0;32m  OK  [0m] Started Load/Save Random Seed.
[[0;32m  OK  [0m] Started udev Coldplug all Devices.
[[0;32m  OK  [0m] Started Monitoring of LVM2 mirrors,...ng dmeventd or progress polling.
[[0;32m  OK  [0m] Started Flush Journal to Persistent Storage.
         Starting udev Kernel Device Manager...
[[0;32m  OK  [0m] Started udev Kernel Device Manager.
[[0;32m  OK  [0m] Reached target Local File Systems (Pre).
[[0;32m  OK  [0m] Reached target Local File Systems.
         Starting Create Volatile Files and Directories...
         Starting Set console font and keymap...
         Starting Tell Plymouth To Write Out Runtime Data...
         Starting Commit a transient machine-id on disk...
         Starting Initial cloud-init job (pre-networking)...
         Starting LSB: AppArmor initialization...
[[0;32m  OK  [0m] Started Dispatch Password Requests to Console Directory Watch.
[[0;32m  OK  [0m] Started Create Volatile Files and Directories.
[[0;32m  OK  [0m] Started Tell Plymouth To Write Out Runtime Data.
[[0;32m  OK  [0m] Started Commit a transient machine-id on disk.
         Starting Update UTMP about System Boot/Shutdown...
[[0;32m  OK  [0m] Started Update UTMP about System Boot/Shutdown.
[[0;32m  OK  [0m] Found device /dev/ttyS0.
[[0;32m  OK  [0m] Listening on Load/Save RF Kill Switch Status /dev/rfkill Watch.
[[0;32m  OK  [0m] Started Initial cloud-init job (pre-networking).
[[0;32m  OK  [0m] Reached target Network (Pre).
[   19.864154] cloud-init[495]: Cloud-init v. 18.2 running 'init-local' at Sun, 22 Jul 2018 16:05:02 +0000. Up 19.34 seconds.
[[0;32m  OK  [0m] Started LSB: AppArmor initialization.
         Starting Raise network interfaces...
[[0;32m  OK  [0m] Started Set console font and keymap.
[[0;32m  OK  [0m] Created slice system-getty.slice.
[[0;32m  OK  [0m] Started Raise network interfaces.
         Starting Initial cloud-init job (metadata service crawler)...
[[0;32m  OK  [0m] Reached target Network.
[   21.452888] cloud-init[954]: Cloud-init v. 18.2 running 'init' at Sun, 22 Jul 2018 16:05:03 +0000. Up 20.87 seconds.
[[0;32m  OK  [0m] Started Initial cloud-init job (metadata service crawler).
[   21.495272] cloud-init[954]: ci-info: +++++++++++++++++++++++++++++++++++++Net device info++++++++++++++++++++++++++++++++++++++
[   21.499404] cloud-init[954]: ci-info: +--------+-------+---------------------------+---------------+-------+-------------------+
[[0;32m  OK  [0m] Reached target Cloud-config availability.
[[0;32m  OK  [0m] Reached target System Initialization.
[   21.504535] cloud-init[954]: ci-info: | Device |   Up  |          Address          |      Mask     | Scope |     Hw-Address    |
[   21.508563] cloud-init[954]: ci-info: +--------+-------+---------------------------+---------------+-------+-------------------+
         Starting Socket activation for snappy daemon.
[[0;32m  OK  [0m[   21.512181] cloud-init[954]: ci-info: | enp0s3 |  True |         10.0.2.15         | 255.255.255.0 |   .   | 02:21:52:1a:0a:14 |
[   21.513707] cloud-init[954]: ci-info: | enp0s3 |  True | fe80::21:52ff:fe1a:a14/64 |       .       |  link | 02:21:52:1a:0a:14 |
[   21.515308] cloud-init[954]: ci-info: | enp0s8 | False |             .             |       .       |   .   | 08:00:27:c8:2d:5f |] Listening on UUID daemon activation socket.
[[0;32m  OK  [0m] Listening on D-Bus System Message Bus Socket.
[[0;32m  OK  [0m] Listening on ACPID Listen Socket.
[[0;32m  OK  [0m] Started Daily Cleanup of Temporary Directories.

[   21.520580] cloud-init[954]: ci-info: |   lo   |  True |         127.0.0.1         |   255.0.0.0   |   .   |         .         |[[0;32m  OK  [0m] Started ACPI Events Check.
[[0;32m  OK  [0m] Reached target Paths.

[   21.524480] cloud-init[954]: ci-info: |   lo   |  True |          ::1/128          |       .       |  host |         .         |
[   21.527167] cloud-init[954]: ci-info: +--------+-------+---------------------------+---------------+-------+-------------------+         Starting LXD - unix socket.
[[0;32m  OK  [0m] Started Daily apt download activities.
[[0;32m  OK  [0m] Started Daily apt upgrade and clean activities.
[[0;32m  OK  [0m] Reached target Timers.
[[0;32m  OK  [0m] Reached target Network is Online.
         Starting iSCSI initiator daemon (iscsid)...
[[0;32m  OK  [0m] Listening on Socket activation for snappy daemon.
[[0;32m  OK  [0m] 
[   21.536205] cloud-init[954]: ci-info: +++++++++++++++++++++++++++Route IPv4 info++++++++++++++++++++++++++++
[   21.537601] cloud-init[954]: ci-info: +-------+-------------+----------+---------------+-----------+-------+
[   21.538982] cloud-init[954]: ci-info: | Route | Destination | Gateway  |    Genmask    | Interface | Flags |Listening on LXD - unix socket.
[[0;32m  OK  [0m] Reached target Sockets.
[[0;32m  OK  [0m] Reached target Basic System.
[[0;32m  OK  [0m] Started Unattended Upgrades Shutdown.

[   21.545434] cloud-init[954]: ci-info: +-------+-------------+----------+---------------+-----------+-------+         Starting System Logging Service...
[   21.549448] cloud-init
         Starting Virtualbox guest utils...
[[0;32m  OK  [0m] Started Deferred execution scheduler.
         [954]: ci-info: |   0   |   0.0.0.0   | 10.0.2.2 |    0.0.0.0    |   enp0s3  |   UG  |
[   21.558395] cloud-init[954]: ci-info: |   1   |   10.0.2.0  | 0.0.0.0  | 255.255.255.0 |   enp0s3  |   U   |Starting LXD - container startup/shutdown...

         Starting Pollinate to seed the pseudo random number generator...
[   21.584104] cloud-init[954]: ci-info: +-------+-------------+----------+---------------+-----------+-------+         Starting Accounts Service...
         Starting LSB: MD monitoring daemon...

[[0;32m  OK  [0m] Started ACPI event daemon.
         Starting Login Service...
         Starting Apply the settings specified in cloud-config...
[   21.615288] cloud-init[954]:          Starting LSB: Record successful boot for GRUB...
[[0;32m  OK  [0m] Started D-Bus System Message Bus.
Generating public/private rsa key pair.
[   21.653566] cloud-init[954]: Your identification has been saved in /etc/ssh/ssh_host_rsa_key.
[   21.662628] cloud-init[954]: Your public key has been saved in /etc/ssh/ssh_host_rsa_key.pub.
[   21.669054] cloud-init[954]: The key fingerprint is:
[[0;32m  OK  [0m] Started FUSE filesystem for LXC.
[[0;32m  OK  [0m] Started Regular background program processing daemon.
         Starting /etc/rc.local Compatibility...
[   21.685816]          Starting Snappy daemon...
[[0;32m  OK  [0m] Started System Logging Service.
[[0;32m  OK  [0m] Started LXD - container startup/shutdown.
[[0;32m  OK  [0m] Started /etc/rc.local Compatibility.
cloud-init[954]: SHA256:KwWPeIZoA+pIOfVAvpn75bPQoXjjcUitaOx8PXG9mEA root@ubuntu-xenial
[[0;32m  OK  [0m] Started iSCSI initiator daemon (iscsid).
[   21.803033] cloud-init[954]: The key's randomart image is:
[   21.812612] cloud-init[954]: +---[RSA 2048]----+
[   21.823123] cloud-init[954]: |   .             |
[   21.832388] cloud-init[954]: |  o              |
[   21.844095] cloud-init[954]: |.  +  .          |
[   21.876989] cloud-init[954]: |..o.*o.E         |
[[0;32m  OK  [0m] Started Login Service.
[[0;32m  OK  [0m] Started LSB: MD monitoring daemon.
[[0;32m  OK  [0m] Started LSB: Record successful boot for GRUB.
[[0;32m  OK  [0m] Started Virtualbox guest utils.
         Starting Authenticate and Authorize Users to Run Privileged Tasks...
         Starting Login to default iSCSI targets...
[   21.905843] cloud-init[954]: |.+++oo=oS .      |
[   21.957908] cloud-init[954]: |+.o.=o=+.o .     |
[   21.963295] cloud-init[954]: |.. * Oo+= o .    |
[[   21.988158] cloud-init[954]: |  + +.B= o .     |
[   21.989148] cloud-init[954]: |   o.o o+        |
[   21.989186] cloud-init[954]: +----[SHA256]-----+
[   21.989218] cloud-init[954]: Generating public/private dsa key pair.
[   21.989248] cloud-init[954]: Your identification has been saved in /etc/ssh/ssh_host_dsa_key.
[   21.989279] cloud-init[954]: Your public key has been saved in /etc/ssh/ssh_host_dsa_key.pub.
[   21.989315] cloud-init[954]: The key fingerprint is:
[   21.989348] cloud-init[954]: SHA256:wMzeT22z0FkoQJSjGVYrnNc9CFkrCTvvjCDPUlfSDg8 root@ubuntu-xenial
[   21.989378] cloud-init[954]: The key's randomart image is:
[   21.989408] cloud-init[954]: +---[DSA 1024]----+
[   21.989438] cloud-init[954]: |      .+*+.      |
[   21.989467] cloud-init[954]: |     =o=+* + .   |
[   21.989497] cloud-init[954]: |     .E+B.= + .  |
[   21.989539] cloud-init[954]: |     .o# . + +   |
[   21.989575] cloud-init[954]: |  . o o S o *    |
[   21.989607] cloud-init[954]: |   = o + o o o   |
[   21.989637] cloud-init[954]: |  . o . o . .    |
[   21.989669] cloud-init[954]: |   .             |
[   21.989699] cloud-init[954]: |                 |
[   21.989729] cloud-init[954]: +----[SHA256]-----+
[   21.989761] cloud-init[954]: Generating public/private ecdsa key pair.
[   21.989792] cloud-init[954]: Your identification has been saved in /etc/ssh/ssh_host_ecdsa_key.
[   21.989822] cloud-init[954]: Your public key has been saved in /etc/ssh/ssh_host_ecdsa_key.pub.
[   21.989853] cloud-init[954]: The key fingerprint is:
[   21.989882] cloud-init[954]: SHA256:1WFOmX5cYdQHIuF7qN3ZqcT2hlVBnLKGe0GZQmmM5GY root@ubuntu-xenial
[   21.989913] cloud-init[954]: The key's randomart image is:
[   21.989943] cloud-init[954]: +---[ECDSA 256]---+
[   21.989973] cloud-init[954]: |        ..*o*oB*+|
[   21.990004] cloud-init[954]: |        .o @oB.++|
[   21.990034] cloud-init[954]: |         E+.*.o.o|
[   21.990063] cloud-init[954]: |        o. +.+o .|
[   21.990093] cloud-init[954]: |        S o +... |
[   21.990125] cloud-init[954]: |         o = +.. |
[   21.990157] cloud-init[954]: |        . . Boo  |
[   21.990187] cloud-init[954]: |           o.o.  |
[   21.990216] cloud-init[954]: |            ...  |
[   21.990247] cloud-init[954]: +----[SHA256]-----+
[   21.990277] cloud-init[954]: Generating public/private ed25519 key pair.
[   21.990308] cloud-init[954]: Your identification has been saved in /etc/ssh/ssh_host_ed25519_key.
[   21.990338] cloud-init[954]: Your public key has been saved in /etc/ssh/ssh_host_ed25519_key.pub.
[   21.990367] cloud-init[954]: The key fingerprint is:
[   21.990398] cloud-init[954]: SHA256:OM6fiSnvEkLcUPDHPzxLeSSQzvGTxrot0Mt9inx3REc root@ubuntu-xenial
[   21.990428] cloud-init[954]: The key's randomart image is:
[   21.990457] cloud-init[954]: +--[ED25519 256]--+
[   21.990490] cloud-init[954]: |  .o. ..         |
[   21.990521] cloud-init[954]: |  .. .o.      E  |
[   21.990551] cloud-init[954]: | . o.oo+...  .   |
[   21.990581] cloud-init[954]: |  o ..o+*+  . .  |
[   21.990611] cloud-init[954]: | .   .ooS... .   |
[   21.990641] cloud-init[954]: |  . oooo =  .    |
[   21.990671] cloud-init[954]: |   . +o=.  .     |
[   21.990701] cloud-init[954]: |    o.==+oo .    |
[0;32m  OK  [0m] Started Login to default iSCSI targets.
[[0;32m  OK  [0m] Started Snappy daemon.
[[0;32m  OK  [0m] Started Authenticate and Authorize Users to Run Privileged Tasks.
[[0;32m  OK  [0m] Started Accounts Service.
[   22.000563] cloud-init[954]: |     =Bo=+ .     |
         [   22.104339] cloud-init[954]: +----[SHA256]-----+
Starting Wait until snapd is fully seeded...
[[0;32m  OK  [0m] Reached target Remote File Systems (Pre).
[[0;32m  OK  [0m] Reached target Remote File Systems.
         Starting LSB: daemon to balance interrupts for SMP systems...
         Starting LSB: automatic crash report generation...
         Starting Permit User Sessions...
         Starting LSB: Set the CPU Frequency Scaling governor to "ondemand"...
[[0;32m  OK  [0m] Started Permit User Sessions.
         Starting Hold until boot process finishes up...
         Starting Terminate Plymouth Boot Screen...
[[0;32m  OK  [0m] Started LSB: Set the CPU Frequency Scaling governor to "ondemand".
[[0;32m  OK  [0m] Started Hold until boot process finishes up.
[[0;32m  OK  [0m] Started LSB: automatic crash report generation.
[[0;32m  OK  [0m] Started Terminate Plymouth Boot Screen.
[[0;32m  OK  [0m] Started Getty on tty1.
[[0;32m  OK  [0m] Started Serial Getty on ttyS0.
[[0;32m  OK  [0m] Reached target Login Prompts.
         Starting Set console scheme...
[[0;32m  OK  [0m] Started LSB: daemon to balance interrupts for SMP systems.
[[0;32m  OK  [0m] Started Set console scheme.
[   22.442575] cloud-init[1087]: Generating locales (this might take a while)...
[   23.062295] cloud-init[1087]:   en_US.UTF-8... done
[   23.088326] cloud-init[1087]: Generation complete.
[   23.292125] cloud-init[1087]: Cloud-init v. 18.2 running 'modules:config' at Sun, 22 Jul 2018 16:05:05 +0000. Up 22.34 seconds.
[[0;32m  OK  [0m] Started Apply the settings specified in cloud-config.
[[0;32m  OK  [0m] Started Pollinate to seed the pseudo random number generator.
         Starting OpenBSD Secure Shell server...
[[0;32m  OK  [0m] Started OpenBSD Secure Shell server.
[[0;32m  OK  [0m] Created slice User Slice of vagrant.
         Starting User Manager for UID 1000...
[[0;32m  OK  [0m] Started Session 1 of user vagrant.
[[0;32m  OK  [0m] Started User Manager for UID 1000.
[[0;32m  OK  [0m] Started Wait until snapd is fully seeded.
[[0;32m  OK  [0m] Reached target Multi-User System.
         Starting Execute cloud user/final scripts...
[[0;32m  OK  [0m] Reached target Graphical Interface.
         Starting Update UTMP about System Runlevel Changes...
[[0;32m  OK  [0m] Started Update UTMP about System Runlevel Changes.
ci-info: no authorized ssh keys fingerprints found for user ubuntu.
<14>Jul 22 16:05:10 ec2: 
<14>Jul 22 16:05:10 ec2: #############################################################
<14>Jul 22 16:05:10 ec2: -----BEGIN SSH HOST KEY FINGERPRINTS-----
<14>Jul 22 16:05:10 ec2: 1024 SHA256:wMzeT22z0FkoQJSjGVYrnNc9CFkrCTvvjCDPUlfSDg8 root@ubuntu-xenial (DSA)
<14>Jul 22 16:05:10 ec2: 256 SHA256:1WFOmX5cYdQHIuF7qN3ZqcT2hlVBnLKGe0GZQmmM5GY root@ubuntu-xenial (ECDSA)
<14>Jul 22 16:05:10 ec2: 256 SHA256:OM6fiSnvEkLcUPDHPzxLeSSQzvGTxrot0Mt9inx3REc root@ubuntu-xenial (ED25519)
<14>Jul 22 16:05:10 ec2: 2048 SHA256:KwWPeIZoA+pIOfVAvpn75bPQoXjjcUitaOx8PXG9mEA root@ubuntu-xenial (RSA)
<14>Jul 22 16:05:10 ec2: -----END SSH HOST KEY FINGERPRINTS-----
<14>Jul 22 16:05:10 ec2: #############################################################
-----BEGIN SSH HOST KEY KEYS-----
ecdsa-sha2-nistp256 AAAAE2VjZHNhLXNoYTItbmlzdHAyNTYAAAAIbmlzdHAyNTYAAABBBBLpDsgPLcnPNL1F8iJpFQQClAdNHv1S5QEtBSn6EA2VmlweRDahTgzJ+QOZ76jyfdmV+1zUlVTyMI7GoZHfICY= root@ubuntu-xenial
ssh-ed25519 AAAAC3NzaC1lZDI1NTE5AAAAIKLlvpfX9qRaVnIjEbpdWDXgZCyno0H8NKpVj0+sjwnF root@ubuntu-xenial
ssh-rsa AAAAB3NzaC1yc2EAAAADAQABAAABAQC9wliB4ATzn5BT0P1eZuzH3/9ix/7zdbvlDlJOap7KZ3tTfJT1/7Wnt6j4KXPhANru0oBHTz6RbsF00VqGG+XpY+hMxCx8e9Z9vApK75wp9cNkcQja0w4jA8d+88QRt+CBTpV1PY1jEwACwSCMTUnjQt9alAp2Qljq29m01zDfZni03Qp21DO1HLntWR2syJhyH6iilGQbvjOqkFOcdziP7Yr1WBGOa7qREUvXFh0tKv/W8G6+tuQduIp0F7szpf+pKS/4XD1oF/SQL8JsxTvVxWH8U087MChdan2BnLnfEcbU/hsSQfy/bjr4n7qaAGK0O7WxS09i+sQvd+2SvnK1 root@ubuntu-xenial
-----END SSH HOST KEY KEYS-----
[   26.959628] cloud-init[1387]: Cloud-init v. 18.2 running 'modules:final' at Sun, 22 Jul 2018 16:05:09 +0000. Up 26.65 seconds.
[   26.961870] cloud-init[1387]: ci-info: no authorized ssh keys fingerprints found for user ubuntu.
[   26.967193] cloud-init[1387]: Cloud-init v. 18.2 finished at Sun, 22 Jul 2018 16:05:10 +0000. Datasource DataSourceNoCloud [seed=/dev/sdb][dsmode=net].  Up 26.95 seconds
[[0;32m  OK  [0m] Started Execute cloud user/final scripts.
[[0;32m  OK  [0m] Reached target Cloud-init target.

Ubuntu 16.04.5 LTS ubuntu-xenial ttyS0

ubuntu-xenial login: 