[   00000000 Initializnn  cgroup subsy  ppsstt

    0000000] Initializing cgroup subsyys cpu
[    0.000000] Initializing cgroup subsys cpuacct
[    0.000000] Linux version 4.4.0-130-generic (buildd@lgw01-amd64-039) (gcc version 5.4.0 20160609 (Ubuntu 5.4.0-6ubuntu1~16.04.9) ) #156-Ubuntu SMP Thu Jun 14 08:53:28 UTC 2018 (Ubuntu 4.4.0-130.156-generic 4.4.134)
[    0.000000] Command line: BOOT_IMAGE=/boot/vmlinuz-4.4.0-130-generic root=LABEL=cloudimg-rootfs ro console=tty1 console=ttyS0
[    0.000000] KERNEL supported cpus:
[    0.000000]   Intel GenuineIntel
[    0.000000]   AMD AuthenticAMD
[    0.000000]   Centaur CentaurHauls
[    0.000000] x86/fpu: xstate_offset[2]:  576, xstate_sizes[2]:  256
[    0.000000] x86/fpu: Supporting XSAVE feature 0x01: 'x87 floating point registers'
[    0.000000] x86/fpu: Supporting XSAVE feature 0x02: 'SSE registers'
[    0.000000] x86/fpu: Supporting XSAVE feature 0x04: 'AVX registers'
[    0.000000] x86/fpu: Enabled xstate features 0x7, context size is 832 bytes, using 'standard' format.
[    0.000000] x86/fpu: Using 'eager' FPU context switches.
[    0.000000] e820: BIOS-provided physical RAM map:
[    0.000000] BIOS-e820: [mem 0x0000000000000000-0x000000000009fbff] usable
[    0.000000] BIOS-e820: [mem 0x000000000009fc00-0x000000000009ffff] reserved
[    0.000000] BIOS-e820: [mem 0x00000000000f0000-0x00000000000fffff] reserved
[    0.000000] BIOS-e820: [mem 0x0000000000100000-0x000000003ffeffff] usable
[    0.000000] BIOS-e820: [mem 0x000000003fff0000-0x000000003fffffff] ACPI data
[    0.000000] BIOS-e820: [mem 0x00000000fec00000-0x00000000fec00fff] reserved
[    0.000000] BIOS-e820: [mem 0x00000000fee00000-0x00000000fee00fff] reserved
[    0.000000] BIOS-e820: [mem 0x00000000fffc0000-0x00000000ffffffff] reserved
[    0.000000] NX (Execute Disable) protection: active
[    0.000000] SMBIOS 2.5 present.
[    0.000000] Hypervisor detected: KVM
[    0.000000] e820: last_pfn = 0x3fff0 max_arch_pfn = 0x400000000
[    0.000000] MTRR: Disabled
[    0.000000] x86/PAT: MTRRs disabled, skipping PAT initialization too.
[    0.000000] CPU MTRRs all blank - virtualized system.
[    0.000000] x86/PAT: Configuration [0-7]: WB  WT  UC- UC  WB  WT  UC- UC  
[    0.000000] found SMP MP-table at [mem 0x0009fff0-0x0009ffff] mapped at [ffff88000009fff0]
[    0.000000] Scanning 1 areas for low memory corruption
[    0.000000] RAMDISK: [mem 0x36aa2000-0x37548fff]
[    0.000000] ACPI: Early table checksum verification disabled
[    0.000000] ACPI: RSDP 0x00000000000E0000 000024 (v02 VBOX  )
[    0.000000] ACPI: XSDT 0x000000003FFF0030 00003C (v01 VBOX   VBOXXSDT 00000001 ASL  00000061)
[    0.000000] ACPI: FACP 0x000000003FFF00F0 0000F4 (v04 VBOX   VBOXFACP 00000001 ASL  00000061)
[    0.000000] ACPI: DSDT 0x000000003FFF0470 0021FF (v02 VBOX   VBOXBIOS 00000002 INTL 20180105)
[    0.000000] ACPI: FACS 0x000000003FFF0200 000040
[    0.000000] ACPI: FACS 0x000000003FFF0200 000040
[    0.000000] ACPI: APIC 0x000000003FFF0240 000054 (v02 VBOX   VBOXAPIC 00000001 ASL  00000061)
[    0.000000] ACPI: SSDT 0x000000003FFF02A0 0001CC (v01 VBOX   VBOXCPUT 00000002 INTL 20180105)
[    0.000000] No NUMA configuration found
[    0.000000] Faking a node at [mem 0x0000000000000000-0x000000003ffeffff]
[    0.000000] NODE_DATA(0) allocated [mem 0x3ffeb000-0x3ffeffff]
[    0.000000] kvm-clock: Using msrs 4b564d01 and 4b564d00
[    0.000000] kvm-clock: cpu 0, msr 0:3ffe3001, primary cpu clock
[    0.000000] kvm-clock: using sched offset of 3175856288 cycles
[    0.000000] clocksource: kvm-clock: mask: 0xffffffffffffffff max_cycles: 0x1cd42e4dffb, max_idle_ns: 881590591483 ns
[    0.000000] Zone ranges:
[    0.000000]   DMA      [mem 0x0000000000001000-0x0000000000ffffff]
[    0.000000]   DMA32    [mem 0x0000000001000000-0x000000003ffeffff]
[    0.000000]   Normal   empty
[    0.000000]   Device   empty
[    0.000000] Movable zone start for each node
[    0.000000] Early memory node ranges
[    0.000000]   node   0: [mem 0x0000000000001000-0x000000000009efff]
[    0.000000]   node   0: [mem 0x0000000000100000-0x000000003ffeffff]
[    0.000000] Initmem setup node 0 [mem 0x0000000000001000-0x000000003ffeffff]
[    0.000000] ACPI: PM-Timer IO Port: 0x4008
[    0.000000] IOAPIC[0]: apic_id 1, version 32, address 0xfec00000, GSI 0-23
[    0.000000] ACPI: INT_SRC_OVR (bus 0 bus_irq 0 global_irq 2 dfl dfl)
[    0.000000] ACPI: INT_SRC_OVR (bus 0 bus_irq 9 global_irq 9 low level)
[    0.000000] Using ACPI (MADT) for SMP configuration information
[    0.000000] smpboot: Allowing 1 CPUs, 0 hotplug CPUs
[    0.000000] PM: Registered nosave memory: [mem 0x00000000-0x00000fff]
[    0.000000] PM: Registered nosave memory: [mem 0x0009f000-0x0009ffff]
[    0.000000] PM: Registered nosave memory: [mem 0x000a0000-0x000effff]
[    0.000000] PM: Registered nosave memory: [mem 0x000f0000-0x000fffff]
[    0.000000] e820: [mem 0x40000000-0xfebfffff] available for PCI devices
[    0.000000] Booting paravirtualized kernel on KVM
[    0.000000] clocksource: refined-jiffies: mask: 0xffffffff max_cycles: 0xffffffff, max_idle_ns: 7645519600211568 ns
[    0.000000] setup_percpu: NR_CPUS:512 nr_cpumask_bits:512 nr_cpu_ids:1 nr_node_ids:1
[    0.000000] PERCPU: Embedded 34 pages/cpu @ffff88003fc00000 s99544 r8192 d31528 u2097152
[    0.000000] PV qspinlock hash table entries: 256 (order: 0, 4096 bytes)
[    0.000000] Built 1 zonelists in Node order, mobility grouping on.  Total pages: 257912
[    0.000000] Policy zone: DMA32
[    0.000000] Kernel command line: BOOT_IMAGE=/boot/vmlinuz-4.4.0-130-generic root=LABEL=cloudimg-rootfs ro console=tty1 console=ttyS0
[    0.000000] PID hash table entries: 4096 (order: 3, 32768 bytes)
[    0.000000] Memory: 1001744K/1048120K available (8546K kernel code, 1313K rwdata, 4000K rodata, 1516K init, 1316K bss, 46376K reserved, 0K cma-reserved)
[    0.000000] SLUB: HWalign=64, Order=0-3, MinObjects=0, CPUs=1, Nodes=1
[    0.000000] Kernel/User page tables isolation: enabled
[    0.000000] Hierarchical RCU implementation.
[    0.000000] 	Build-time adjustment of leaf fanout to 64.
[    0.000000] 	RCU restricting CPUs from NR_CPUS=512 to nr_cpu_ids=1.
[    0.000000] RCU: Adjusting geometry for rcu_fanout_leaf=64, nr_cpu_ids=1
[    0.000000] NR_IRQS:33024 nr_irqs:256 16
[    0.000000] Console: colour VGA+ 80x25
[    0.000000] console [tty1] enabled
[    0.000000] console [ttyS0] enabled
[    0.000000] tsc: Detected 2302.360 MHz processor
[    0.431054] Calibrating delay loop (skipped) preset value.. 4604.72 BogoMIPS (lpj=9209440)
[    0.432267] pid_max: default: 32768 minimum: 301
[    0.433080] ACPI: Core revision 20150930
[    0.434589] ACPI: 2 ACPI AML tables successfully acquired and loaded
[    0.435527] Security Framework initialized
[    0.436129] Yama: becoming mindful.
[    0.436676] AppArmor: AppArmor initialized
[    0.437350] Dentry cache hash table entries: 131072 (order: 8, 1048576 bytes)
[    0.438886] Inode-cache hash table entries: 65536 (order: 7, 524288 bytes)
[    0.439817] Mount-cache hash table entries: 2048 (order: 2, 16384 bytes)
[    0.440838] Mountpoint-cache hash table entries: 2048 (order: 2, 16384 bytes)
[    0.441966] Initializing cgroup subsys io
[    0.442602] Initializing cgroup subsys memory
[    0.443292] Initializing cgroup subsys devices
[    0.443917] Initializing cgroup subsys freezer
[    0.444537] Initializing cgroup subsys net_cls
[    0.445180] Initializing cgroup subsys perf_event
[    0.445915] Initializing cgroup subsys net_prio
[    0.446608] Initializing cgroup subsys hugetlb
[    0.447283] Initializing cgroup subsys pids
[    0.447955] CPU: Physical Processor ID: 0
[    0.449460] mce: CPU supports 0 MCE banks
[    0.450155] process: using mwait in idle threads
[    0.450849] Last level iTLB entries: 4KB 1024, 2MB 1024, 4MB 1024
[    0.451711] Last level dTLB entries: 4KB 1024, 2MB 1024, 4MB 1024, 1GB 4
[    0.452789] Spectre V2 : Mitigation: Full generic retpoline
[    0.453634] Spectre V2 : Speculation control IBPB not-supported IBRS not-supported
[    0.454764] Speculative Store Bypass: Vulnerable
[    0.475789] Freeing SMP alternatives memory: 32K
[    0.483355] ftrace: allocating 32245 entries in 126 pages
[    0.531227] smpboot: APIC(0) Converting physical 0 to logical package 0
[    0.532161] smpboot: Max logical packages: 1
[    0.533073] x2apic enabled
[    0.533801] Switched APIC routing to physical x2apic.
[    0.535653] ..TIMER: vector=0x30 apic1=0 pin1=2 apic2=-1 pin2=-1
[    0.642811] smpboot: CPU0: Intel(R) Xeon(R) CPU E5-2698 v3 @ 2.30GHz (family: 0x6, model: 0x3f, stepping: 0x2)
[    1.025545] Performance Events: unsupported p6 CPU model 63 no PMU driver, software events only.
[    1.027776] KVM setup paravirtual spinlock
[    1.029480] x86: Booted up 1 node, 1 CPUs
[    1.030547] smpboot: Total of 1 processors activated (4604.72 BogoMIPS)
[    1.032360] devtmpfs: initialized
[    1.034486] evm: security.selinux
[    1.035375] evm: security.SMACK64
[    1.036234] evm: security.SMACK64EXEC
[    1.037168] evm: security.SMACK64TRANSMUTE
[    1.037787] evm: security.SMACK64MMAP
[    1.038371] evm: security.ima
[    1.038877] evm: security.capability
[    1.039615] clocksource: jiffies: mask: 0xffffffff max_cycles: 0xffffffff, max_idle_ns: 7645041785100000 ns
[    1.041065] futex hash table entries: 256 (order: 2, 16384 bytes)
[    1.042071] pinctrl core: initialized pinctrl subsystem
[    1.042882] RTC time: 15:07:56, date: 07/22/18
[    1.043680] NET: Registered protocol family 16
[    1.044445] cpuidle: using governor ladder
[    1.045132] cpuidle: using governor menu
[    1.045784] PCCT header not found.
[    1.046446] ACPI: bus type PCI registered
[    1.047047] acpiphp: ACPI Hot Plug PCI Controller Driver version: 0.5
[    1.048090] PCI: Using configuration type 1 for base access
[    1.049781] ACPI: Added _OSI(Module Device)
[    1.050423] ACPI: Added _OSI(Processor Device)
[    1.051160] ACPI: Added _OSI(3.0 _SCP Extensions)
[    1.051947] ACPI: Added _OSI(Processor Aggregator Device)
[    1.053213] ACPI: Executed 1 blocks of module-level executable AML code
[    1.055920] ACPI: Interpreter enabled
[    1.056553] ACPI: (supports S0 S5)
[    1.057205] ACPI: Using IOAPIC for interrupt routing
[    1.058127] PCI: Using host bridge windows from ACPI; if necessary, use "pci=nocrs" and report a bug
[    1.061944] ACPI: PCI Root Bridge [PCI0] (domain 0000 [bus 00-ff])
[    1.062914] acpi PNP0A03:00: _OSC: OS supports [ASPM ClockPM Segments MSI]
[    1.064136] acpi PNP0A03:00: _OSC: not requesting OS control; OS requires [ExtendedConfig ASPM ClockPM MSI]
[    1.065947] acpi PNP0A03:00: fail to add MMCONFIG information, can't access extended PCI configuration space under this bridge.
[    1.067925] PCI host bridge to bus 0000:00
[    1.068651] pci_bus 0000:00: root bus resource [io  0x0000-0x0cf7 window]
[    1.069707] pci_bus 0000:00: root bus resource [io  0x0d00-0xffff window]
[    1.070673] pci_bus 0000:00: root bus resource [mem 0x000a0000-0x000bffff window]
[    1.072066] pci_bus 0000:00: root bus resource [mem 0x40000000-0xfdffffff window]
[    1.073338] pci_bus 0000:00: root bus resource [bus 00-ff]
[    1.075304] pci 0000:00:01.1: legacy IDE quirk: reg 0x10: [io  0x01f0-0x01f7]
[    1.076340] pci 0000:00:01.1: legacy IDE quirk: reg 0x14: [io  0x03f6]
[    1.077333] pci 0000:00:01.1: legacy IDE quirk: reg 0x18: [io  0x0170-0x0177]
[    1.078341] pci 0000:00:01.1: legacy IDE quirk: reg 0x1c: [io  0x0376]
[    1.089934] pci 0000:00:07.0: quirk: [io  0x4000-0x403f] claimed by PIIX4 ACPI
[    1.108377] pci 0000:00:07.0: quirk: [io  0x4100-0x410f] claimed by PIIX4 SMB
[    1.115626] ACPI: PCI Interrupt Link [LNKA] (IRQs 5 9 10 *11)
[    1.117331] ACPI: PCI Interrupt Link [LNKB] (IRQs 5 9 *10 11)
[    1.118834] ACPI: PCI Interrupt Link [LNKC] (IRQs 5 *9 10 11)
[    1.120351] ACPI: PCI Interrupt Link [LNKD] (IRQs 5 9 10 *11)
[    1.121957] ACPI: Enabled 2 GPEs in block 00 to 07
[    1.123254] vgaarb: setting as boot device: PCI:0000:00:02.0
[    1.124508] vgaarb: device added: PCI:0000:00:02.0,decodes=io+mem,owns=io+mem,locks=none
[    1.126506] vgaarb: loaded
[    1.127178] vgaarb: bridge control possible 0000:00:02.0
[    1.128534] SCSI subsystem initialized
[    1.129493] ACPI: bus type USB registered
[    1.130412] usbcore: registered new interface driver usbfs
[    1.131166] usbcore: registered new interface driver hub
[    1.131913] usbcore: registered new device driver usb
[    1.132916] PCI: Using ACPI for IRQ routing
[    1.133734] NetLabel: Initializing
[    1.134263] NetLabel:  domain hash size = 128
[    1.134889] NetLabel:  protocols = UNLABELED CIPSOv4
[    1.135723] NetLabel:  unlabeled traffic allowed by default
[    1.136586] amd_nb: Cannot enumerate AMD northbridges
[    1.137334] clocksource: Switched to clocksource kvm-clock
[    1.142951] AppArmor: AppArmor Filesystem Enabled
[    1.143823] pnp: PnP ACPI init
[    1.144956] pnp: PnP ACPI: found 3 devices
[    1.151434] clocksource: acpi_pm: mask: 0xffffff max_cycles: 0xffffff, max_idle_ns: 2085701024 ns
[    1.152829] NET: Registered protocol family 2
[    1.153589] TCP established hash table entries: 8192 (order: 4, 65536 bytes)
[    1.154667] TCP bind hash table entries: 8192 (order: 5, 131072 bytes)
[    1.159866] TCP: Hash tables configured (established 8192 bind 8192)
[    1.161105] UDP hash table entries: 512 (order: 2, 16384 bytes)
[    1.162165] UDP-Lite hash table entries: 512 (order: 2, 16384 bytes)
[    1.163346] NET: Registered protocol family 1
[    1.164193] pci 0000:00:00.0: Limiting direct PCI/PCI transfers
[    1.165323] pci 0000:00:01.0: Activating ISA DMA hang workarounds
[    1.166497] Unpacking initramfs...
[    2.659491] Freeing initrd memory: 10908K
[    2.663215] RAPL PMU detected, API unit is 2^-32 Joules, 3 fixed counters 10737418240 ms ovfl timer
[    2.664957] hw unit of domain pp0-core 2^-0 Joules
[    2.665941] hw unit of domain package 2^-0 Joules
[   33.032109] hw unit of domain dram 2^-16 Joules
[    3.511439] platform rtc_cmos: registered platform RTC device (no PNP device found)
[    3.762367] Scanning for low memory corruption every 60 seconds
[    3.781983] audit: initializing netlink subsys (disabled)
[    3.783431] audit: type=2000 audit(1532272082.946:1): initialized
[    3.785233] Initialise system trusted keyring
[    3.786443] HugeTLB registered 2 MB page size, pre-allocated 0 pages
[    3.789164] zbud: loaded
[    3.790198] VFS: Disk quotas dquot_6.6.0
[    3.791270] VFS: Dquot-cache hash table entries: 512 (order 0, 4096 byte))

[    3990055]]ssuussff::vvrriinn4400((2009/01/31) Phillip Lougher
[    4.579729] tsc: Refined TSC clocksource calibration: 2299.794 MHz
[    4.879905] clocksource: tsc: mask: 0xffffffffffffffff max_cycles: 0x2126729a497, max_idle_ns: 440795257173 ns
[    4.882715] fuse init (API version 7.23)
[    4.883939] Key type big_key registered
[    4.885034] Allocating IMA MOK and blacklist keyrings.
[    4.886581] Key type asymmetric registered
[    4.888110] Asymmetric key parser 'x509' registered
[    4.889812] Block layer SCSI generic (bsg) driver version 0.4 loaded (major 249)
[    5.139106] io scheduler noop registered
[    5.140158] io scheduler deadline registered (default)
[    5.141464] io scheduler cfq registered
[    5.142625] pci_hotplug: PCI Hot Plug PCI Core version: 0.5
[    5.144002] pciehp: PCI Express Hot Plug Controller Driver version: 0.4
[    5.145723] ACPI: AC Adapter [AC] (on-line)
[    5.146876] input: Power Button as /devices/LNXSYSTM:00/LNXPWRBN:00/input/input0
[    5.148800] ACPI: Power Button [PWRF]
[    5.149827] input: Sleep Button as /devices/LNXSYSTM:00/LNXSLPBN:00/input/input1
[    5.151796] ACPI: Sleep Button [SLPF]
[    5.152746] GHES: HEST is not enabled!
[    5.153444] Serial: 8250/16550 driver, 32 ports, IRQ sharing enabled
[    5.175753] 00:02: ttyS0 at I/O 0x3f8 (irq = 4, base_baud = 115200) is a 16550A
[    5.177920] Linux agpgart interface v0.103
[    5.179854] loop: module loaded
[    5.181034] scsi host0: ata_piix
[    5.181885] scsi host1: ata_piix
[    5.182779] ata1: PATA max UDMA/33 cmd 0x1f0 ctl 0x3f6 bmdma 0xd000 irq 14
[    5.184277] ata2: PATA max UDMA/33 cmd 0x170 ctl 0x376 bmdma 0xd008 irq 15
[    5.185969] libphy: Fixed MDIO Bus: probed
[    5.186876] tun: Universal TUN/TAP device driver, 1.6
[    5.187968] tun: (C) 1999-2004 Max Krasnyansky <maxk@qualcomm.com>
[    5.189501] PPP generic driver version 2.4.2
[    5.190244] ehci_hcd: USB 2.0 'Enhanced' Host Controller (EHCI) Driver
[    5.191119] ehci-pci: EHCI PCI platform driver
[    5.191833] ehci-platform: EHCI generic platform driver
[    5.192555] ohci_hcd: USB 1.1 'Open' Host Controller (OHCI) Driver
[    5.193378] ohci-pci: OHCI PCI platform driver
[    5.194040] ohci-platform: OHCI generic platform driver
[    5.194853] uhci_hcd: USB Universal Host Controller Interface driver
[    5.195694] i8042: PNP: PS/2 Controller [PNP0303:PS2K,PNP0f03:PS2M] at 0x60,0x64 irq 1,12
[    5.197188] serio: i8042 KBD port at 0x60,0x64 irq 1
[    5.197878] serio: i8042 AUX port at 0x60,0x64 irq 12
[    5.198790] mousedev: PS/2 mouse device common for all mice
[    5.199729] input: AT Translated Set 2 keyboard as /devices/platform/i8042/serio0/input/input2
[    5.203067] rtc_cmos rtc_cmos: rtc core: registered rtc_cmos as rtc0
[    5.203972] rtc_cmos rtc_cmos: alarms up to one day, 114 bytes nvram
[    5.204776] i2c /dev entries driver
[    5.205383] device-mapper: uevent: version 1.0.3
[    5.206255] device-mapper: ioctl: 4.34.0-ioctl (2015-10-28) initialised: dm-devel@redhat.com
[    5.207524] ledtrig-cpu: registered to indicate activity on CPUs
[    5.208517] NET: Registered protocol family 10
[    5.209280] NET: Registered protocol family 17
[    5.209957] Key type dns_resolver registered
[    5.568442] registered taskstats version11
[    5.987499] Loading compiled-in X.509 certificates
[    6.038711] Loaded X.509 cert 'Build time autogenerated kernel key: b3e0fe4bcd6378c38a2c0a4648abbc1fa5043a22'
[    6.041210] zswap: loaded using pool lzo/zbud
[    6.048873] Key type trusted registered
[    6.052196] Key type encrypted registered
[    6.165694] AppArmor: AppArmor sha1 policy hashing enabled
[    6.218018] ima: No TPM chip found, activating TPM-bypass!
[    6.219289] ima: Allocated hash algorithm: sha1
[    6.220383] evm: HMAC attrs: 0x1
[    6.221512]   Magic number: 10:315:134
[    6.222495] pci 0000:00:03.0: hash matches
[    6.223515] rtc_cmos rtc_cmos: setting system clock to 2018-07-22 15:08:01 UTC (1532272081)
[    6.225573] BIOS EDD facility v0.16 2004-Jun-25, 0 devices found
[    6.226973] EDD information not available.
[    6.229027] Freeing unused kernel memory: 1516K
[    6.397367] Write protecting the kernel read-only data: 14336k
[    6.607325] Freeing unused kernel memory: 1680K
[    6.608476] Freeing unused kernel memory: 96K
Loading, please [    6.619309] random: udevadm: uninitialized urandom read (16 bytes read, 3 bits of entropy available)
wait...
startin[    7.056989] random: systemd-udevd: uninitialized urandom read (16 bytes read, 3 bits of entropy available)
g version 229
[    7.118100] random: systemd-udevd: uninitialized urandom read (16 bytes read, 3 bits of entropy available)
[    7.126904] random: systemd-udevd: uninitialized urandom read (16 bytes read, 3 bits of entropy available)
[    7.133690] random: systemd-udevd: uninitialized urandom read (16 bytes read, 3 bits of entropy available)
[    7.136944] random: udevadm: uninitialized urandom read (16 bytes read, 3 bits of entropy available)
[    7.144344] random: systemd-udevd: uninitialized urandom read (16 bytes read, 3 bits of entropy available)
[    7.146839] random: systemd-udevd: uninitialized urandom read (16 bytes read, 3 bits of entropy available)
[    7.149386] random: systemd-udevd: uninitialized urandom read (16 bytes read, 3 bits of entropy available)
[    7.637689] random: udevadm: uninitialized urandom read (16 bytes read, 3 bits of entropy available)
[    7.704989] e1000: Intel(R) PRO/1000 Network Driver - version 7.3.21-k8-NAPI
[    8.254176] e1000: Copyright (c) 1999-2006 Intel Corporation.
[    8.260050] Fusion MPT base driver 3.04.20
[    8.262848] Copyright (c) 1999-2008 LSI Corporation
[    8.286102] Fusion MPT SPI Host driver 3.04.20
[    8.299510] AVX2 version of gcm_enc/dec engaged.
[    8.304336] AES CTR mode by8 optimization enabled
[    8.312306] mptbase: ioc0: Initiating bringup
[    8.377611] ioc0: LSI53C1030 A0: Capabilities={Initiator}
[    8.471438] input: ImExPS/2 Generic Explorer Mouse as /devices/platform/i8042/serio1/input/input4
[    8.539123] scsi host2: ioc0: LSI53C1030 A0, FwRev=00000000h, Ports=1, MaxQ=256, IRQ=20
[    8.651835] scsi 2:0:0:0: Direct-Access     VBOX     HARDDISK         1.0  PQ: 0 ANSI: 5
[    8.914122] scsi target2:0:0: Beginning Domain Validation
[    8.916345] scsi target2:0:0: Domain Validation skipping write tests
[    8.917934] scsi target2:0:0: Ending Domain Validation
[    8.919222] scsi target2:0:0: asynchronous
[    8.920584] scsi 2:0:1:0: Direct-Access     VBOX     HARDDISK         1.0  PQ: 0 ANSI: 5
[    8.922621] scsi target2:0:1: Beginning Domain Validation
[    8.924879] scsi target2:0:1: Domain Validation skipping write tests
[    8.933651] scsi target2:0:1: Ending Domain Validation
[    8.938455] scsi target2:0:1: asynchronous
[    9.038913] sd 2:0:0:0: Attached scsi generic sg0 type 0
[    9.039959] sd 2:0:0:0: [sda] 20971520 512-byte logical blocks: (10.7 GB/10.0 GiB)
[    9.041883] sd 2:0:1:0: [sdb] 20480 512-byte logical blocks: (10.5 MB/10.0 MiB)
[    9.043641] sd 2:0:1:0: Attached scsi generic sg1 type 0
[    9.044988] sd 2:0:0:0: [sda] Write Protect is off
[    9.046119] sd 2:0:1:0: [sdb] Write Protect is off
[    9.047331] sd 2:0:1:0: [sdb] Incomplete mode parameter data
[    9.048561] sd 2:0:1:0: [sdb] Assuming drive cache: write through
[    9.049760] sd 2:0:0:0: [sda] Incomplete mode parameter data
[    9.051021] sd 2:0:0:0: [sda] Assuming drive cache: write through
[    9.067655]  sda: sda1
[    9.336225] sd 2:0:1:0: [sdb] Attached SCSI disk
[    9.503367] sd 2:0:0:0: [sda] Attached SCSI disk
[    9.546693] e1000 0000:00:03.0 eth0: (PCI:33MHz:32-bit) 02:21:52:1a:0a:14
[    9.548420] e1000 0000:00:03.0 eth0: Intel(R) PRO/1000 Network Connection
[    9.884765] e1000 0000:00:08.0 eth1: (PCI:33MHz:32-bit) 08:00:27:31:a6:c2
[   10.510627] e1000 0000:00:08.0 eth1: Intel(R) PRO/1000 Network Connection
[   10.519482] e1000 0000:00:08.0 enp0s8: renamed from eth1
[   10.522437] e1000 0000:00:03.0 enp0s3: renamed from eth0
Begin: Loading essential drivers ... [   11.809455] md: linear personality registered for level -1
[   11.813296] md: multipath personality registered for level -4
[   11.817161] md: raid0 personality registered for level 0
[   11.821651] md: raid1 personality registered for level 1
[   11.897717] raid6: sse2x1   gen() 10328 MB/s
[   11.977585] raid6: sse2x1   xor()  8128 MB/s
[   12.057460] raid6: sse2x2   gen() 13267 MB/s
[   12.137334] raid6: sse2x2   xor()  9159 MB/s
[   12.217212] raid6: sse2x4   gen() 16207 MB/s
[   12.287116] raid6: sse2x4   xor()  9921 MB/s
[   12.376947] raid6: avx2x1   gen() 20599 MB/s
[   12.456815] raid6: avx2x2   gen() 23415 MB/s
[   12.536723] raid6: avx2x4   gen() 25585 MB/s
[   12.647158] raid6: using algorithm avx2x4 gen() 25585 MB/s
[   12.648053] raid6: using avx2x2 recovery algorithm
[   12.651135] xor: automatically using best checksumming function:
[   12.736384]    avx       : 79281.000 MB/sec
[   12.769518] async_tx: api initialized (async)
[   12.784059] md: raid6 personality registered for level 6
[   12.785451] md: raid5 personality registered for level 5
[   12.793056] md: raid4 personality registered for level 4
[   12.800155] md: raid10 personality registered for level 10
done.
Begin: Running /scripts/init-premount ... done.
Begin: Mounting root file system ... Begin: Running /scripts/local-top ... done.
Begin: Running /scripts/local-premount ... [   12.835190] Btrfs loaded
Scanning for Btrfs filesystems
done.
Warning: fsck not present, so skipping root file system
[   12.862247] EXT4-fs (sda1): mounted filesystem with ordered data mode. Opts: (null)
done.
Begin: Running /scripts/local-bottom ... done.
Begin: Running /scripts/init-bottom ... done.
[   12.949924] systemd[1]: systemd 229 running in system mode. (+PAM +AUDIT +SELINUX +IMA +APPARMOR +SMACK +SYSVINIT +UTMP +LIBCRYPTSETUP +GCRYPT +GNUTLS +ACL +XZ -LZ4 +SECCOMP +BLKID +ELFUTILS +KMOD -IDN)
[   12.953866] systemd[1]: Detected virtualization oracle.
[   12.955174] systemd[1]: Detected architecture x86-64.

Welcome to [1mUbuntu 16.04.5 LTS[0m!

[   12.959603] systemd[1]: Set hostname to <ubuntu>.
[   12.964103] systemd[1]: Initializing machine ID from random generatrr.
[   12.996373] systemd[1]: Installed transient /etc/machine-id file.
[   132226978] systemd[1]: Listening on Device-mapper event daemon FIFOs.
[[0;32m  OK  [0m] Listening on Device-mapper event daemon FIFOs.
[   13.619679] systemd[1]: Listening on udev Kernel Socket.
[[0;32m  OK  [0m] Listening on udev Kernel Socket.
[   13.622535] systemd[1]: Reached target Encrypted Volumes.
[[0;32m  OK  [0m] Reached target Encrypted Volumes.
[   13.625415] systemd[1]: Listening on Journal Audit Socket.
[[0;32m  OK  [0m] Listening on Journal Audit Socket.
[   13.646574] systemd[1]: Listening on /dev/initctl Compatibility Named Pipe.
[[0;32m  OK  [0m] Listening on /dev/initctl Compatibility Named Pipe.
[   13.653425] systemd[1]: Reached target System Time Synchronized.
[[0;32m  OK  [0m] Reached target System Time Synchronized.
[   13.656285] systemd[1]: Listening on LVM2 poll daemon socket.
[[0;32m  OK  [0m] Listening on LVM2 poll daemon socket.
[   13.659231] systemd[1]: Created slice System Slice.
[[0;32m  OK  [0m] Created slice System Slice.
[   13.661605] systemd[1]: Set up automount Arbitrary Executable File Formats File System Automount Point.
[[0;32m  OK  [0m] Set up automount Arbitrary Executab...ats File System Automount Point.
[   13.665255] systemd[1]: Listening on Journal Socket.
[[0;32m  OK  [0m] Listening on Journal Socket.
[   13.667891] systemd[1]: Mounting POSIX Message Queue File System...
         Mounting POSIX Message Queue File System...
[   13.670618] systemd[1]: Starting Remount Root and Kernel File Systems...
         Starting Remount Root and Kernel File Systems...
[   13.674148] systemd[1]: Starting Create list of required static device nodes for the current kernel...
[   13.677941] EXT4-fs (sda1): re-mounted. Opts: (null)
         Starting Create list of required st... nodes for the current kernel...
[   13.684727] systemd[1]: Starting Set console keymap...
         Starting Set console keymap...
[   13.695854] systemd[1]: Starting Load Kernel Modules...
         Starting Load Kernel Modules...
[   13.702258] systemd[1]: Reached target Swap.
[[0;32m  OK  [0m] Reached target Swap.
[   13.704975] systemd[1]: Listening on LVM2 metadata daemon socket.
[[0;32m  OK  [0m] Listening on LVM2 metadata daemon socket.[   13.713133] Loading iSCSI transport class v2.0-870.

[   13.714996] systemd[1]: Starting Monitoring of LVM2 mirrors, snapshots etc. using dmeventd or progress polling...
         Starting Monitoring of LVM2 mirrors... dmeventd or progress polling...
[   13.722819] systemd[1]: Mounting Debug File System...
         Mounting Debug File System...
[   13.728267] systemd[1]: Started Forward Password Requests to Wall Directory Watch.
[[0;32m  OK  [0m] Started Forward Password Requests to Wall Directory Watch.
[   13.738040] systemd[1]: Mounting Huge Pages File System...
         Mounting Huge Pages File System...
[   13.742754] systemd[1]: Starting Nameserver information manager...
         Starting Nameserver information manager...[   13.751299] iscsi: registered transport (tcp)

[   13.752585] systemd[1]: Listening on udev Control Socket.
[[0;32m  OK  [0m] Listening on udev Control Socket.
[   13.757482] systemd[1]: Listening on Syslog Socket.
[[0;32m  OK  [0m] Listening on Syslog Socket.
[   13.761422] systemd[1]: Started Trigger resolvconf update for networkd DNS.
[[0;32m  OK  [0m] Started Trigger resolvconf update for networkd DNS.
[   13.772392] systemd[1]: Created slice User and Session Slice.
[[0;32m  OK  [0m] Created slice User and Session Slice.
[   13.776637] systemd[1]: Reached target Slices.
[[0;32m  OK  [0m] Reached target Slices.
[   13.780554] systemd[1]: Created slice system-serial\x2dgetty.slice.
[[0;32m  OK  [0m] Created slice system-serial\x2dgetty.slice.
[   13.785786] systemd[1]: Starting Uncomplicated firewall...
         Starting Uncomplicated firewall...
[   13.788348] systemd[1]: Listening on Journal Socket (/dev/log).
[[0;32m  OK  [0m] Listening on Journal Socket (/dev/log).
[   13.796268] systemd[1]: Starting Journal Service...
         [   13.801135] iscsi: registered transport (iser)
Starting Journal Service...
[   13.802831] systemd[1]: Reached target User and Group Name Lookups.
[[0;32m  OK  [0m] Reached target User and Group Name Lookups.
[   13.810066] systemd[1]: Mounted Debug File System.
[[0;32m  OK  [0m] Mounted Debug File System.
[   13.812473] systemd[1]: Mounted Huge Pages File System.
[[0;32m  OK  [0m] Mounted Huge Pages File System.
[   13.825366] systemd[1]: Mounted POSIX Message Queue File System.
[[0;32m  OK  [0m] Mounted POSIX Message Queue File System.
[   13.828556] systemd[1]: Started Journal Service.
[[0;32m  OK  [0m] Started Journal Service.
[[0;32m  OK  [0m] Started Remount Root and Kernel File Systems.
[[0;32m  OK  [0m] Started Create list of required sta...ce nodes for the current kernel.
[[0;32m  OK  [0m] Started Set console keymap.
[[0;32m  OK  [0m] Started Load Kernel Modules.
[[0;32m  OK  [0m] Started Uncomplicated firewall.
[[0;32m  OK  [0m] Started Nameserver information manager.
[[0;32m  OK  [0m] Started LVM2 metadata daemon.
         Mounting FUSE Control File System...
         Starting Apply Kernel Variables...
         Starting Create Static Device Nodes in /dev...
         Starting udev Coldplug all Devices...
         Starting Load/Save Random Seed...
         Starting Flush Journal to Persistent Storage...
[[0;32m  OK  [0m] Mounted FUSE Control File System.
[[0;32m  OK  [0m] Started Apply Kernel Variables.
[[0;32m  OK  [0m] Started Create Static Device Nodes in /dev.
[[0;32m  OK  [0m] Started Load/Save Random Seed.
[[0;32m  OK  [0m] Started udev Coldplug all Devices.
[[0;32m  OK  [0m] Started Flush Journal to Persistent Storage.
         Starting udev Kernel Device Manager...
[[0;32m  OK  [0m] Started Monitoring of LVM2 mirrors,...ng dmeventd or progress polling.
[[0;32m  OK  [0m] Started udev Kernel Device Manager.
[[0;32m  OK  [0m] Reached target Local File Systems (Pre).
[[0;32m  OK  [0m] Reached target Local File Systems.
         Starting Initial cloud-init job (pre-networking)...
         Starting Commit a transient machine-id on disk...
         Starting Tell Plymouth To Write Out Runtime Data...
         Starting Create Volatile Files and Directories...
         Starting Set console font and keymap...
         Starting LSB: AppArmor initialization...
[[0;32m  OK  [0m] Started Dispatch Password Requests to Console Directory Watch.
[[0;32m  OK  [0m] Started Commit a transient machine-id on disk.
[[0;32m  OK  [0m] Started Tell Plymouth To Write Out Runtime Data.
[[0;32m  OK  [0m] Started Create Volatile Files and Directories.
         Starting Update UTMP about System Boot/Shutdown...
[[0;32m  OK  [0m] Started Update UTMP about System Boot/Shutdown.
[[0;32m  OK  [0m] Found device /dev/ttyS0.
[[0;32m  OK  [0m] Listening on Load/Save RF Kill Switch Status /dev/rfkill Watch.
[   14.834802] cloud-init[474]: Cloud-init v. 18.2 running 'init-local' at Sun, 22 Jul 2018 15:08:10 +0000. Up 14.31 seconds.
[[0;32m  OK  [0m] Started Initial cloud-init job (pre-networking).
[[0;32m  OK  [0m] Reached target Network (Pre).
[[0;32m  OK  [0m] Started LSB: AppArmor initialization.
         Starting Raise network interfaces...
[[0;32m  OK  [0m] Started Set console font and keymap.
[[0;32m  OK  [0m] Created slice system-getty.slice.
[[0;32m  OK  [0m] Started Raise network interfaces.
[[0;32m  OK  [0m] Reached target Network.
         Starting Initial cloud-init job (metadata service crawler)...
[   16.466955] cloud-init[955]: Cloud-init v. 18.2 running 'init' at Sun, 22 Jul 2018 15:08:12 +0000. Up 15.96 seconds.
[[0;32m  OK  [0m] Started Initial cloud-init job (metadata service crawler).
[   16.511293] cloud-init[955]: ci-info: +++++++++++++++++++++++++++++++++++++Net device info++++++++++++++++++++++++++++++++++++++
[   16.516756] cloud-init[955]: ci-info: +--------+-------+---------------------------+---------------+-------+-------------------+
[[0;32m  OK  [0m] Reached target Network is Online.
         Starting iSCSI initiator daemon (iscsid)...
[   16.522472] cloud-init[955]: ci-info: | Device |   Up  |          Address          |      Mask     | Scope |     Hw-Address    |[[0;32m  OK  [0m] Reached target System Initialization.
         Starting Socket activation for snappy daemon.
[[0;32m  OK  [0m] Started Daily apt download activities.
[[0;32m  OK  [0m
[   16.528283] cloud-init[955]: ci-info: +--------+-------+---------------------------+---------------+-------+-------------------+
[   16.529942] cloud-init[955]: ci-info: | enp0s3 |  True |         10.0.2.15         | 255.255.255.0 |   .   | 02:21:52:1a:0a:14 |
[   16.531548] cloud-init[955]: ci-info: | enp0s3 |  True | fe80::21:52ff:fe1a:a14/64 |       .       |  link | 02:21:52:1a:0a:14 |] Listening on ACPID Listen Socket.

[   16.534480] cloud-init[955]: [[0;32m  OK  [0m] Started ACPI Events Check.
[[0;32m  OK  [0m] Reached target Paths.
[[0;32m  OK  [0m] Started Daily apt upgrade and clean activities.
ci-info: | enp0s8 | False |             .             |       .       |   .   | 08:00:27:31:a6:c2 |         Starting LXD - unix socket.
[[0;32m  OK  [0m] Listening on UUID daemon activation socket.
[[0;32m  OK  [0m] Listening on D-Bus System Message Bus Socket.
[[0;32m  OK  [0m] Started Daily Cleanup of Temporary Directories.
[[0;32m  OK  [0m] 
[   16.544808] cloud-init[955]: ci-info: |   lo   |  True |         127.0.0.1         |   255.0.0.0   |   .   |         .         |
[   16.547753] cloud-initReached target Timers.
[[0;32m  OK  [0m] Reached target Cloud-config availability.
[[0;32m  OK  [0m] Listening on Socket activation for snappy daemon.
[[955]: ci-info: |   lo   |  True |          ::1/128          |       .       |  host |         .         |
[   16.554627] cloud-init[955]: ci-info: +--------+-------+---------------------------+---------------+-------+-------------------+[0;32m  OK  [0m] Listening on LXD - unix socket.

[   16.559945] cloud-init[955]: ci-info: +++++++++++++++++++++++++++Route IPv4 info++++++++++++++++++++++++++++
[   16.563947] cloud-init[955]: ci-info: +-------+-------------+----------+---------------+-----------+-------+
[   16.570382] cloud-init[955]: ci-info: | Route | Destination | Gateway  |    Genmask    | Interface | Flags |[[0;32m  OK  [0m] Reached target Sockets.
[[0;32m  OK  [0m] Reached target Basic System.
[   16.577491] cloud-init[955]: ci-info: +-------+-------------+----------+---------------+-----------+-------+
[   16.579768] 
         Starting Accounts Service...
         Starting /etc/rc.local Compatibility...
         Starting LSB: Record successful boot for GRUB...cloud-init[955]: ci-info: |   0   |   0.0.0.0   | 10.0.2.2 |    0.0.0.0    |   enp0s3  |   UG  |
[   16.586391] cloud-init[955]: ci-info: |   1   |   10.0.2.0  | 0.0.0.0  | 255.255.255.0 |   enp0s3  |   U   |
         Starting Apply the settings specified in cloud-config...
         Starting LSB: MD monitoring daemon...
         Starting Pollinate to seed the pseudo random number generator...
[[0;32m  OK  [0m] Started Deferred execution scheduler.
         Starting Login Service...
[[0;32m  OK  [0m] Started FUSE filesystem for LXC.
[[0;32m  OK  [0m] Started Unattended Upgrades Shutdown.
         Starting System Logging Service...
[[0;32m  OK  [0m] Started Regular background program processing daemon.
[[0;32m  OK  [0m] Started ACPI event daemon.
         Starting Virtualbox guest utils...
         Starting LXD - container startup/shutdown...
[[0;32m  OK  [0m] Started D-Bus System Message Bus.

[   16.681531] cloud-init[955]: ci-info: +-------+-------------+----------+---------------+-----------+-------+
         Starting Snappy daemon...
[[0;32m  OK  [0m] Started System Logging Service.
[[0;32m  OK  [0m] Started iSCSI initiator daemon (iscsid).
[[0;32m  OK  [0m] Started /etc/rc.local Compatibility.
[   16.726738] cloud-init[955]: Generating public/private rsa key pair.
[   16.802570] cloud-init[955]: Your identification has been saved in /etc/ssh/ssh_host_rsa_key.
[   16.809825] cloud-init[955]: Your public key has been saved in /etc/ssh/ssh_host_rsa_key.pub.
[[0;32m  OK  [0m] Started LXD - container startup/shutdown.[   16.830858] cloud-init[955]: The key fingerprint is:

[   16.833963] cloud-init[955]: SHA256:VLETPVIW+cvKDqyzYx6VlOS3eFRvOzbMs3IwEGt/7Aw root@ubuntu-xenial
         Starting Authenticate and Authorize Users to Run Privileged Tasks...
         Starting Login to default iSCSI targets...
[[0;32m  OK  [0m] Started Login Service.
[   16.852445] cloud-init[955]: The key's randomart image is:
[   16.888615] cloud-init[955]: +---[RSA 2048]----+
[   16.896487] cloud-init[955]: |          ==+o.  |
[[0;32m  OK  [0m] Started Login to default iSCSI targets.
[[0;32m  OK  [0m] Started LSB: Record successful boot for GRUB.
[[0;32m  OK  [0m] Started LSB: MD monitoring daemon.
[[0;32m  OK  [0m] Started Authenticate and Authorize Users to Run Privileged Tasks.
[[0;32m  OK  [0m] Started Accounts Service.
[[0;32m  OK  [0m] Reached target Remote File Systems (Pre).
[[0;32m  OK  [0m] Reached target Remote File Systems.
         Starting Permit User Sessions...
         Starting LSB: Set the CPU Frequency Scaling governor to "ondemand"...
         Starting LSB: automatic crash report generation...
         Starting LSB: daemon to balance interrupts for SMP systems...[   16.916254] cloud-init[955]: |         +.=*. . |

[[0;32m  OK  [0m] Started Snappy daemon.
[[0;32m  OK  [0m] Started Virtualbox guest utils.
[[0;32m  OK  [0m] Started Permit User Sessions.
[   17.034711] cloud-init[955]: |        . *=oo  o|
[   17.046012] cloud-init[955]: |       . ..*o.=..|
[   17.056226] cloud-init[955]: |        S + oE % |
         Starting Terminate Plymouth Boot Screen...
         Starting Hold until boot process finishes up...
         Starting Wait until snapd is fully seeded...
[[0;32m  OK  [0m] Started LSB: Set the CPU Frequency Scaling governor to "ondemand".
[[0;32m  OK  [0m] Started Terminate Plymouth Boot Screen.
[[0;32m  OK  [0m] Started Hold until boot process finishes up.
[   17.070473] cloud-init[955]: |         o .  @ =|
[   17.140454] cloud-init[955]: |        . o. o = |
         Starting Set console scheme...
[[0;32m  OK  [0m] Started Serial Getty on ttyS0.
[[0;32m  OK  [0m] Started Getty on tty1.
[[0;32m  OK  [0m] Reached target Login Prompts.
[[0;32m  OK  [0m] Started LSB: automatic crash report generation.
[[0;32m  OK  [0m] Started LSB: daemon to balance interrupts for SMP systems.
[[0;32m  OK  [0m] Started Set console scheme.
[   17.154756] cloud-init[955]: |        +o .o o  |
[   17.211523] cloud-init[955]: |       o++ ..    |
[   17.216721] cloud-init[955]: +----[SHA256]-----+
[   17.220376] cloud-init[955]: Generating public/private dsa key pair.
[   17.224445] cloud-init[955]: Your identification has been saved in /etc/ssh/ssh_host_dsa_key.
[   17.226663] cloud-init[955]: Your public key has been saved in /etc/ssh/ssh_host_dsa_key.pub.
[   17.231595] cloud-init[955]: The key fingerprint is:
[   17.241204] cloud-init[955]: SHA256:k1L8UTwzEKCc05oZzd1zuoK9sx7NAjVhxWGBoMHGEDE root@ubuntu-xenial
[   17.248736] cloud-init[955]: The key's randomart image is:
[   17.252562] cloud-init[955]: +---[DSA 1024]----+
[   17.264177] cloud-init[955]: |    E*. oo=B*o   |
[   17.280499] cloud-init[955]: |     o+X o.=*    |
[   17.284899] cloud-init[955]: |     .B * = o+.  |
[   17.300259] cloud-init[955]: |       B + o +   |
[   17.310538] cloud-init[955]: |      = S . .    |
[   17.312096] cloud-init[955]: |       . = o .   |
[   17.330413] cloud-init[955]: |        . = +    |
[   17.335745] cloud-init[955]: |          .=     |
[   17.350404] cloud-init[955]: |         .+o     |
[   17.369626] cloud-init[955]: +----[SHA256]-----+
[   17.372060] cloud-init[955]: Generating public/private ecdsa key pair.
[   17.376188] cloud-init[955]: Your identification has been saved in /etc/ssh/ssh_host_ecdsa_key.
[   17.380655] cloud-init[955]: Your public key has been saved in /etc/ssh/ssh_host_ecdsa_key.pub.
[   17.384847] cloud-init[955]: The key fingerprint is:
[   17.386385] cloud-init[955]: SHA256:tjc5zJsurEBE3UgcW5PzycJTBItJuNg3ZsVfF2rMIm0 root@ubuntu-xenial
[   17.392410] cloud-init[955]: The key's randomart image is:
[   17.394017] cloud-init[955]: +---[ECDSA 256]---+
[   17.395433] cloud-init[955]: |    .=+=++.   .. |
[   17.404423] cloud-init[955]: |   ...+=*+.o...  |
[   17.405907] cloud-init[955]: |   o..+oo*Eo=.   |
[   17.407270] cloud-init[955]: |  ..o = +o=o     |
[   17.412807] cloud-init[955]: |    .+ .So       |
[   17.414178] cloud-init[955]: |   .   . + .     |
[   17.420378] cloud-init[955]: |    .  .. B      |
[   17.423412] cloud-init[955]: |     .  o. =     |
[   17.426888] cloud-init[955]: |      .. o+      |
[   17.428525] cloud-init[955]: +----[SHA256]-----+
[   17.430862] cloud-init[955]: Generating public/private ed25519 key pair.
[   17.440646] cloud-init[955]: Your identification has been saved in /etc/ssh/ssh_host_ed25519_key.
[   17.448737] cloud-init[955]: Your public key has been saved in /etc/ssh/ssh_host_ed25519_key.pub.
[   17.452473] cloud-init[955]: The key fingerprint is:
[   17.457204] cloud-init[955]: SHA256:trlmoBMYmwJyI/hK3WRxc/ilxS/ZkG3+1cjbXhuJ9m4 root@ubuntu-xenial
[   17.464373] cloud-init[955]: The key's randomart image is:
[   17.469377] cloud-init[955]: +--[ED25519 256]--+
[   17.480389] cloud-init[955]: |        . . o    |
[   17.484539] cloud-init[955]: |     . + . * o   |
[   17.493590] cloud-init[955]: |.     o + + B. ..|
[   17.496396] cloud-init[955]: |= +  o   o o +o o|
[   17.497918] cloud-init[955]: |o+.*+   S   . ooo|
[   17.510103] cloud-init[955]: |..=..... o   o.+o|
[   17.514973] cloud-init[955]: |.o   o .o   . ..+|
[   17.529432] cloud-init[955]: |.   o   o.     E.|
[   17.532976] cloud-init[955]: |     . o.     o. |
[   17.546583] cloud-init[955]: +----[SHA256]-----+
[   17.562468] cloud-init[1062]: Generating locales (this might take a while)...
[   18.118361] cloud-init[1062]:   en_US.UTF-8... done
[   18.143465] cloud-init[1062]: Generation complete.
[[0;32m  OK  [0m] Started Pollinate to seed the pseudo random number generator.
         Starting OpenBSD Secure Shell server...
[[0;32m  OK  [0m] Started OpenBSD Secure Shell server.
[   18.372085] cloud-init[1062]: Cloud-init v. 18.2 running 'modules:config' at Sun, 22 Jul 2018 15:08:13 +0000. Up 17.31 seconds.
[[0;32m  OK  [0m] Started Apply the settings specified in cloud-config.
[[0;32m  OK  [0m] Created slice User Slice of vagrant.
         Starting User Manager for UID 1000...
[[0;32m  OK  [0m] Started Session 1 of user vagrant.
[[0;32m  OK  [0m] Started User Manager for UID 1000.
[[0;32m  OK  [0m] Started Wait until snapd is fully seeded.
[[0;32m  OK  [0m] Reached target Multi-User System.
[[0;32m  OK  [0m] Reached target Graphical Interface.
         Starting Update UTMP about System Runlevel Changes...
         Starting Execute cloud user/final scripts...
[[0;32m  OK  [0m] Started Update UTMP about System Runlevel Changes.
ci-info: no authorized ssh keys fingerprints found for user ubuntu.
<14>Jul 22 15:08:18 ec2: 
<14>Jul 22 15:08:18 ec2: #############################################################
<14>Jul 22 15:08:18 ec2: -----BEGIN SSH HOST KEY FINGERPRINTS-----
<14>Jul 22 15:08:18 ec2: 1024 SHA256:k1L8UTwzEKCc05oZzd1zuoK9sx7NAjVhxWGBoMHGEDE root@ubuntu-xenial (DSA)
<14>Jul 22 15:08:18 ec2: 256 SHA256:tjc5zJsurEBE3UgcW5PzycJTBItJuNg3ZsVfF2rMIm0 root@ubuntu-xenial (ECDSA)
<14>Jul 22 15:08:18 ec2: 256 SHA256:trlmoBMYmwJyI/hK3WRxc/ilxS/ZkG3+1cjbXhuJ9m4 root@ubuntu-xenial (ED25519)
<14>Jul 22 15:08:18 ec2: 2048 SHA256:VLETPVIW+cvKDqyzYx6VlOS3eFRvOzbMs3IwEGt/7Aw root@ubuntu-xenial (RSA)
<14>Jul 22 15:08:18 ec2: -----END SSH HOST KEY FINGERPRINTS-----
<14>Jul 22 15:08:18 ec2: #############################################################
-----BEGIN SSH HOST KEY KEYS-----
ecdsa-sha2-nistp256 AAAAE2VjZHNhLXNoYTItbmlzdHAyNTYAAAAIbmlzdHAyNTYAAABBBIdJudRWdxT3uEUl25myNJpmFZ/Wr3eiQz3jMACZ28xIheDr5WjBaoNw8+YSrIPvciQFaDGuPGOzvkRNzMDNVOY= root@ubuntu-xenial
ssh-ed25519 AAAAC3NzaC1lZDI1NTE5AAAAILd6f3G2WxXAr/198YQHs0QQPDAHz96f871ZLh/a+9Ug root@ubuntu-xenial
ssh-rsa AAAAB3NzaC1yc2EAAAADAQABAAABAQCjqaYJ4nq2JcVFGeHFiOQ08O2eILw3K3bSf7mQ3hS6XhXqZTsYJYMic5bTqgCupQ5uOKll+2PeEcZ7O1NO2dpmEfX5ZXxpf9SYzi0RwIHq1SXyq88ADrVby+8mmwsos8R2UKT9AWIKnlRPptbrUb2O/hYXjfGyFBZ1/R+azwlDixKjt9jgukGlbpLJVpatBJzXvLlJyPldPQg7LV+xbpa3fu6ssze2O/FY3l0rjx9/4/w3IyJWLPXhmMdu7WgnyCsjXNjyUL4nVZ2fQv/8cKD6a14J+ZOugUxF6haU1ThJVQ7R6vMzMpJYplvtQRSZfSKSReKCVO5evkEhocAtjGkF root@ubuntu-xenial
-----END SSH HOST KEY KEYS-----
[   22.200100] cloud-init[1456]: Cloud-init v. 18.2 running 'modules:final' at Sun, 22 Jul 2018 15:08:18 +0000. Up 22.01 seconds.
[   22.211756] cloud-init[1456]: ci-info: no authorized ssh keys fingerprints found for user ubuntu.
[   22.212245] cloud-init[1456]: Cloud-init v. 18.2 finished at Sun, 22 Jul 2018 15:08:18 +0000. Datasource DataSourceNoCloud [seed=/dev/sdb][dsmode=net].  Up 22.19 seconds

Ubuntu 16.04.5 LTS ubuntu-xenial ttyS0

ubuntu-xenial login: 