[   00.00000]]IIitialiiiggccrroup subsys cpuset
[    0.000000] Initializing cgroup subsys cpu
[    0.000000] Initializing cgroup subsys cpuactt

    0.000000] Linux version 4.4.0-130-generic (buildd@lgw0--mm664-039) (gcc version 5.4.0 20160609 (Ubuntu 5.4.0-6ubuntu1~16.04.9) ) #156-Ubuntu SMP Thu Jun 14 08:53:28 UTC 2018 (Ubuntu 4.4.0-130.156-generic 4.4.134)
[    0.000000] Command line: BOOT_IMAGE=/boot/vmlinuz-4.4.0-130-generic root=LABEL=cloudimg-rootfs ro console=tty1 console=ttyS0
[    0.000000] KERNEL supported cpus:
[    0.000000]   Intel GenuineIntel
[    0.000000]   AMD AuthenticAMD
[    0.000000]   Centaur CentaurHauls
[    0.000000] x86/fpu: xstate_offset[2]:  576, xstate_sizes[2]:  256
[    0.000000] x86/fpu: Supporting XSAVE feature 0x01: 'x87 floating point registers'
[    0.000000] x86/fpu: Supporting XSAVE feature 0x02: 'SSE registers'
[    0.000000] x86/fpu: Supporting XSAVE feature 0x04: 'AVX registers'
[    0.000000] x86/fpu: Enabled xstate features 0x7, context size is 832 bytes, using 'standard' format.
[    0.000000] x86/fpu: Using 'eager' FPU context switches.
[    0.000000] e820: BIOS-provided physical RAM map:
[    0.000000] BIOS-e820: [mem 0x0000000000000000-0x000000000009fbff] usable
[    0.000000] BIOS-e820: [mem 0x000000000009fc00-0x000000000009ffff] reserved
[    0.000000] BIOS-e820: [mem 0x00000000000f0000-0x00000000000fffff] reserved
[    0.000000] BIOS-e820: [mem 0x0000000000100000-0x000000003ffeffff] usable
[    0.000000] BIOS-e820: [mem 0x000000003fff0000-0x000000003fffffff] ACPI data
[    0.000000] BIOS-e820: [mem 0x00000000fec00000-0x00000000fec00fff] reserved
[    0.000000] BIOS-e820: [mem 0x00000000fee00000-0x00000000fee00fff] reserved
[    0.000000] BIOS-e820: [mem 0x00000000fffc0000-0x00000000ffffffff] reserved
[    0.000000] NX (Execute Disable) protection: active
[    0.000000] SMBIOS 2.5 present.
[    0.000000] Hypervisor detected: KVM
[    0.000000] e820: last_pfn = 0x3fff0 max_arch_pfn = 0x400000000
[    0.000000] MTRR: Disabled
[    0.000000] x86/PAT: MTRRs disabled, skipping PAT initialization too.
[    0.000000] CPU MTRRs all blank - virtualized system.
[    0.000000] x86/PAT: Configuration [0-7]: WB  WT  UC- UC  WB  WT  UC- UC  
[    0.000000] found SMP MP-table at [mem 0x0009fff0-0x0009ffff] mapped at [ffff88000009fff0]
[    0.000000] Scanning 1 areas for low memory corruption
[    0.000000] RAMDISK: [mem 0x36aa2000-0x37548fff]
[    0.000000] ACPI: Early table checksum verification disabled
[    0.000000] ACPI: RSDP 0x00000000000E0000 000024 (v02 VBOX  )
[    0.000000] ACPI: XSDT 0x000000003FFF0030 00003C (v01 VBOX   VBOXXSDT 00000001 ASL  00000061)
[    0.000000] ACPI: FACP 0x000000003FFF00F0 0000F4 (v04 VBOX   VBOXFACP 00000001 ASL  00000061)
[    0.000000] ACPI: DSDT 0x000000003FFF0470 0021FF (v02 VBOX   VBOXBIOS 00000002 INTL 20180105)
[    0.000000] ACPI: FACS 0x000000003FFF0200 000040
[    0.000000] ACPI: FACS 0x000000003FFF0200 000040
[    0.000000] ACPI: APIC 0x000000003FFF0240 000054 (v02 VBOX   VBOXAPIC 00000001 ASL  00000061)
[    0.000000] ACPI: SSDT 0x000000003FFF02A0 0001CC (v01 VBOX   VBOXCPUT 00000002 INTL 20180105)
[    0.000000] No NUMA configuration found
[    0.000000] Faking a node at [mem 0x0000000000000000-0x000000003ffeffff]
[    0.000000] NODE_DATA(0) allocated [mem 0x3ffeb000-0x3ffeffff]
[    0.000000] kvm-clock: Using msrs 4b564d01 and 4b564d00
[    0.000000] kvm-clock: cpu 0, msr 0:3ffe3001, primary cpu clock
[    0.000000] kvm-clock: using sched offset of 3130157939 cycles
[    0.000000] clocksource: kvm-clock: mask: 0xffffffffffffffff max_cycles: 0x1cd42e4dffb, max_idle_ns: 881590591483 ns
[    0.000000] Zone ranges:
[    0.000000]   DMA      [mem 0x0000000000001000-0x0000000000ffffff]
[    0.000000]  DDAA32    [mem 0x0000000001000000000000000003ffeffff]
[    0.000000]   Normal   empty
[    0.000000]   Device   empty
[    0.000000] Movable zone start for each node
[    0.000000] Early memory node ranges
[    0.000000]   node   0: [mem 0x0000000000001000-0x000000000009efff]
[    0.000000]   node   0: [mem 0x0000000000100000-0x000000003ffeffff]
[    0.000000] Initmem setup node 0 [mem 0x0000000000001000-0x000000003ffeffff]
[    0.000000] ACPI: PM-Timer IO Port: 0x4008
[    0.000000] IOAPIC[0]: apic_id 1, version 32, address 0xfec00000, GSI 0-23
[    0.000000] ACPI: INT_SRC_OVR (bus 0 bus_irq 0 global_irq 2 dfl dfl)
[    0.000000] ACPI: INT_SRC_OVR (bus 0 bus_irq 9 global_irq 9 low level)
[    0.000000] Using ACPI (MADT) for SMP configuration information
[    0.000000] smpboot: Allowing 1 CPUs, 0 hotplug CPUs
[    0.000000] PM: Registered nosave memory: [mem 0x00000000-0x00000fff]
[    0.000000] PM: Registered nosave memory: [mem 0x0009f000-0x0009ffff]
[    0.000000] PM: Registered nosave memory: [mem 0x000a0000-0x000effff]
[   00000000] PM: Registered nosave memory: [mem 0x000f0000-0x000fffff]
[    0.000000] e820: [mem 0x40000000-0xfebfffff] available for PCI devices
[    0.000000] Booting paravirtualized kennel on KVM
[    0.000000] clocksource: refine--jiffies: mask: 0xffffffff max_cycles: 0xffffffff, max_idle_ns: 7645519600211568 ns
[    0.000000] setup_percpu: NR_CPUS:512 nr_cpumask_bits:512 nr_cpu_ids:1 nr_node_ids:1
[    0.000000] PERCPU: Embedded 34 pages/cpu @ffff88003fc00000 s99544 r8192 d35528 u2097152
[    0.000000] PV qspinlock hash table entries: 256 (order: 0, 4096 bytes)
[    0.000000] Built 1 zonelists in Node order, mobility grouping on.  Total pages: 257912
[    0.000000] Policy zone: DMA32
[    0.000000] Kernel command line: BOOT_IMAGE=/boot/vmlinuz-4.4.0-130-generic root=LABEL=cloudimg-rootfs ro console=tty1 console=ttyS0
[    0.000000] PID hash table entries: 4096 (order: 3, 32768 bytes)
[    0.000000] Memory: 1001744K/1048120K available (8546K kernel code, 1313K rddtta, 4000K rodata, 1516K init, 1316K bss, 46376K reserved, 0K cma-reserved)
[    0.000000] SLUB: HWalign=64, Order=0-3, MinObjects=0, CPUs=1, Nodes=1
[    0.000000] Kernel/User page tables isolation: enabled
[    0.000000] Hierarchical RCU implementation.
[    0.000000] 	Build-time adjustment of leaf fanout to 64.
[    0.000000] 	RCU restricting CPUs from NR_CPUS=512 to nr_cpu_ids=1.
[    0.000000] RCU: Adjusting geometry for rcu_fanout_leaf=64, nr_cpu_ids=1
[    0.000000] NR_IRQS:33024 nr_irqs:256 16
[    0.000000] Console: colour VGA+ 80x25
[    0.000000] console [tty1] enabled
[    0.000000] console [ttyS0] enabled
[    0.000000] tsc: Detected 2712.000 MHz processor
[    0.771577] Calibrating delay loop (skipped) preset value.. 5424.00 BogoMIPS (lpj=10848000)
[    0.772920] pid_max: default: 32768 minimum: 301
[    0.773625] ACPI: Core revision 20150930
[    0.775145] ACPI: 2 ACPI AML tables successfully acquired and loaded
[    0.776158] Security Framework initialized
[    0.776799] Yama: becoming mindful.
[    0.777387] AppArmor: AppArmor initialized
[    0.778099] Dentry cache hash table entries: 131072 (order: 8, 1048576 bytes)
[    0.779641] Inode-cache hash table entries: 65536 (order: 7, 524288 bytes)
[    0.780691] Mount-cache hash table entries: 2048 (order: 2, 16384 bytes)
[    0.781637] Mountpoint-cache hash table entries: 2048 (order: 2, 16384 bytes)
[    0.782728] Initializing cgroup subsys io
[    0.783372] Initializing cgroup subsys memory
[    0.784067] Initializing cgroup subsys devices
[    0.784752] Initializing cgroup subsys freezer
[    0.785444] Initializing cgroup subsys net_cls
[    0.786123] Initializing cgroup subsys perf_event
[    0.786829] Initializing cgroup subsys net_prio
[    0.787548] Initializing cgroup subsys hugetlb
[    0.788253] Initializing cgroup subsys pids
[    0.788964] CPU: Physical Processor ID: 0
[    0.790719] mce: CPU supports 0 MCE banks
[    0.791384] process: using mwait in idle threads
[    0.792086] Last level iTLB entries: 4KB 64, 2MB 8, 4MB 8
[    0.792862] Last level dTLB entries: 4KB 64, 2MB 0, 4MB 0, 1GB 4
[    0.793706] Spectre V2 : Mitigation: Full generic retpoline
[    0.794496] Spectre V2 : Speculation control IBPB not-supported IBRS not-supported
[    0.795497] Spectre V2 : Filling RSB on context switch
[    0.796674] Speculative Store Bypass: Vulnerable
[   ..17350] Freeing SMP alternatives memory: 32K
[   0.884435] ftrace: allccating 32245 entries in 126 pages
[    1.022879] smpboot: APIC(0) Converting physical 0 to logical package 0
[    1.024066] smpboot: Max logical packages: 1
[    1.025082] x2apic enabled
[    1.025898] Switched APIC routing to physical x2apic.
[    1.027780] ..TIMER: vector=0x30 apic1=0 pin1=2 apic2=-1 pin2=-1
[    1.135004] smpboot: CPU0: Intel(R) Core(TM) i5-7200U CPU @ 2.50GHz (family: 0x6, model: 0x8e, stepping: 0x9)
[    1.193775] Performance Events: unsupported p6 CPU model 142 no PMU driver, software events only.
[    1.195461] KVM setup paravirtual spinlock
[    1.196797] x86: Booted up 1 node, 1 CPUs
[    1.220611] smpboot: Total of 1 processors activated (5424.00 BogoMIPS)
[    1.221867] devtmpfs: initialized
[    1.226107] evm: security.selinux
[    1.290870] evm: security.SMACK64
[    1.291504] evm: security.SMACK64EXEC
[    1.300647] evm: security.SMACK64TRANSMUTE
[    1.301414] evm: security.SMACK64MMAP
[    1.351013] evm: security.ima
[    1.351958] evm: security.capability
[    1.352687] clocksource: jiffies: mask: 0xffffffff max_cycles: 0xffffffff, max_idle_ns: 7645041785100000 ns
[    1.354088] futex hash table entries: 256 (order: 2, 16384 bytes)
[    1.355004] pinctrl core: initialized pinctrl subsystem
[    1.355877] RTC time: 14:24:01, date: 08/06/18
[    1.356671] NET: Registered protocol family 16
[    1.357478] cpuidle: using governor ladder
[    1.358145] cpuidle: using governor menu
[    1.358793] PCCT header not found.
[    1.359427] ACPI: bus type PCI registered
[    1.360094] acpiphp: ACPI Hot Plug PCI Controller Driver version: 0.5
[    1.361078] PCI: Using configuration type 1 for base access
[    1.362901] ACPI: Added _OSI(Module Device)
[    1.363607] ACPI: Added _OSI(Processor Device)
[    1.364338] ACPI: Added _OSI(3.0 _SCP Extensions)
[    1.371065] ACPI: Added _OSI(Processor Aggregator Device)
[    1.372907] ACPI: Executed 1 blocks of module-level executable AML code
[    1.388971] ACPI: Interpreter enabled
[    1.389606] ACPI: (supports S0 S5)
[    1.390176] ACPI: Using IOAPIC for interrupt routing
[    1.391136] PCI: Using host bridge windows from ACPI; if necessary, use "pci=nocrs" and report a bug
[    1.395465] ACPI: PCI Root Bridge [PCI0] (domain 0000 [bus 00-ff])
[    1.396494] acpi PNP0A03:00: _OSC: OS supports [ASPM ClockPM Segments MSI]
[    1.397612] acpi PNP0A03:00: _OSC: not requesting OS control; OS requires [ExtendedConfig ASPM ClockPM MSI]
[    1.399255] acpi PNP0A03:00: fail to add MMCONFIG information, can't access extended PCI configuration space under this bridge.
[    1.401377] PCI host bridge to bus 0000:00
[    1.402130] pci_bus 0000:00: root bus resource [io  0x0000-0x0cf7 window]
[    1.440730] pci_bus 0000:00: root bus resource [io  0x0d00-0xffff window]
[    1.445468] pci_bus 0000:00: root bus resource [mem 0x000a0000-0x000bffff window]
[    1.527501] pci_bus 0000:00: root bus resource [mem 0x40000000-0xfdffffff window]
[    1.580810] pci_bus 0000:00: root bus resource [bus 00-ff]
[    1.583096] pci 0000:00:01.1: legacy IDE quirk: reg 0x10: [io  0x01f0-0x01f7]
[    1.584249] pci 0000:00:01.1: legacy IDE quirk: reg 0x14: [io  0x03f6]
[    1.617709] pci 0000:00:01.1: legacy IDE quirk: reg 0x18: [io  0x0170-0x0177]
[    1.618831] pci 0000:00:01.1: legacy IDE quirk: reg 0x1c: [io  0x0376]
[    1.644445] pci 0000:00:07.0: quirk: [io  0x4000-0x403f] claimed by PIIX4 ACPI
[    1.645792] pci 0000:00:07.0: quirk: [io  0x4100-0x410f] claimed by PIIX4 SMB
[    1.655846] ACPI: PCI Interrupt Link [LNKA] (IRQs 5 9 10 *11)
[    1.657357] ACPI: PCI Interrupt Link [LNKB] (IRQs 5 9 *10 11)
[    1.658713] ACPI: PCI Interrupt Link [LNKC] (IRQs 5 *9 10 11)
[    1.672476] ACPI: PCI Interrupt Link [LNKD] (IRQs 5 9 10 *11)
[    1.681877] ACPI: Enabled 2 GPEs in block 00 to 07
[    1.697277] vgaarb: setting as boot device: PCI:0000:00:02.0
[    1.698236] vgaarb: device added: PCI:0000:00:02.0,decodes=io+mem,owns=io+mem,locks=none
[    1.737418] vgaarb: loaded
[    1.890203] vgaarb: bridge control possible 0000:00:02.0
[    1.980800] SCSI subsystem initialized
[    1.981572] ACPI: bus type USB registered
[    1.982317] usbcore: registered new interface driver usbfs
[    1.983246] usbcore: registered new interface driver hub
[    2.007081] usbcore: registered new device driver usb
[    2.010409] PCI: Using ACPI for IRQ routing
[    2.011329] NetLabel: Initializing
[    2.035637] NetLabel:  domain hash size = 128
[    2.036445] NetLabel:  protocols = UNLABELED CIPSOv4
[    2.050811] NetLabel:  unlabeled traffic allowed by default
[    2.051880] amd_nb: Cannot enumerate AMD northbridges
[    2.052761] clocksource: Switched to clocksource kvm-clock
[    2.058875] AppArmor: AppArmor Filesystem Enabled
[    2.059827] pnp: PnP ACPI init
[    2.061162] pnp: PnP ACPI: found 3 devices
[    2.074380] clocksource: acpi_pm: mask: 0xffffff max_cycles: 0xffffff, max_idle_ns: 2085701024 ns
[    2.142686] NET: Registered protocol family 2
[    2.144070] TCP established hash table entries: 8192 (order: 4, 65536 bytes)
[    2.200489] TCP bind hash table entries: 8192 (order: 5, 131072 bytes)
[    2.201410] TCP: Hash tables configured (established 8192 bind 8192)
[    2.202304] UDP hash table entries: 512 (order: 2, 16384 bytes)
[    2.203136] UDP-Lite hash table entries: 512 (order: 2, 16384 bytes)
[    2.204068] NET: Registered protocol family 1
[    2.204751] pci 0000:00:00.0: Limiting direct PCI/PCI transfers
[    2.205612] pci 0000:00:01.0: Activating ISA DMA hang workarounds
[    2.206570] Unpacking initramfs...
[    3.889544] Freeing initrd memory: 10908K
[    3.950559] platform rtc_cmos: registered platform RTC device (no PNP device found)
[    3.951962] Scanning for low memory corruption every 60 seconds
[    3.953169] audit: initializing netlink subsys (disabled)
[    3.954177] audit: type=2000 audit(1533565446.827:1): initialized
[    3.959217] Initialise system trusted keyring
[    3.960106] HugeTLB registered 2 MB page size, pre-allocated 0 pages
[    3.962185] zbud: loaded
[    3.963007] VFS: Disk quotas dquot_6.6.0
[    4.060131] VFS: Dquot-cache hash table entries: 512 (order 0, 4096 bytes)
[    4.061449] squashfs: version 4.0 (2009/01/31) Phillip Lougher
[    4.062594] fuse init (API version 7.23)
[    4.063407] Key type big_key registered
[    4.064139] Allocating IMA MOK and blacklist keyrings.
[    4.065190] Key type asymmetric registered
[    4.065963] Asymmetric key parser 'x509' registered
[    4.066832] Block layer SCSI generic (bsg) driver version 0.4 loaded (major 249)
[    4.068198] io scheduler noop registered
[    4.068919] io scheduler deadline registered (default)
[    4.069891] io scheduler cfq registered
[    4.075713] pci_hotplug: PCI Hot Plug PCI Core version: 0.5
[    4.076681] pciehp: PCI Express Hot Plug Controller Driver version: 0.4
[    4.077913] ACPI: AC Adapter [AC] (on-line)
[    4.078813] input: Power Button as /devices/LNXSYSTM:00/LNXPWRBN:00/input/input0
[    4.200657] ACPI: Power Button [PWRF]
[    4.201353] input: Sleep Button as /devices/LNXSYSTM:00/LNXSLPBN:00/input/input1
[    4.202552] ACPI: Sleep Button [SLPF]
[    4.203715] ACPI: Battery Slot [BAT0] (battery present)
[    4.204504] GHES: HEST is not enabled!
[    4.205226] Serial: 8250/16550 driver, 32 ports, IRQ sharing enabled
[    4.227666] 00:02: ttyS0 at I/O 0x3f8 (irq = 4, base_baud = 115200) is a 16550A
[    4.261864] Linux agpgart interface v0.103
[    4.263420] loop: module loaded
[    4.264474] scsi host0: ata_piix
[    4.265206] scsi host1: ata_piix
[    4.265883] ata1: PATA max UDMA/33 cmd 0x1f0 ctl 0x3f6 bmdma 0xd000 irq 14
[    4.270571] ata2: PATA max UDMA/33 cmd 0x170 ctl 0x376 bmdma 0xd008 irq 15
[    4.272164] libphy: Fixed MDIO Bus: probed
[    4.272911] tun: Universal TUN/TAP device driver, 1.6
[    4.290168] tun: (C) 1999-2004 Max Krasnyansky <maxk@qualcomm.com>
[    4.291113] PPP generic driver version 2.4.2
[    4.295758] ehci_hcd: USB 2.0 'Enhanced' Host Controller (EHCI) Driver
[    4.298456] ehci-pci: EHCI PCI platform driver
[    4.299164] ehci-platform: EHCI generic platform driver
[    4.299943] ohci_hcd: USB 1.1 'Open' Host Controller (OHCI) Driver
[    4.300811] ohci-pci: OHCI PCI platform driver
[    4.301573] ohci-platform: OHCI generic platform driver
[    4.302347] uhci_hcd: USB Universal Host Controller Interface driver
[    4.303289] i8042: PNP: PS/2 Controller [PNP0303:PS2K,PNP0f03:PS2M] at 0x60,0x64 irq 1,12
[    4.304944] serio: i8042 KBD port at 0x60,0x64 irq 1
[    4.305694] serio: i8042 AUX port at 0x60,0x64 irq 12
[    4.330647] mousedev: PS/2 mouse device common for all mice
[    4.335063] input: AT Translated Set 2 keyboard as /devices/platform/i8042/serio0/input/input2
[    4.336962] rtc_cmos rtc_cmos: rtc core: registered rtc_cmos as rtc0
[    4.350495] rtc_cmos rtc_cmos: alarms up to one day, 114 bytes nvram
[    4.351585] i2c /dev entries driver
[    4.610197] device-mapper: uevent: version 1.0.3
[    4.630581] device-mapper: ioctl: 4.34.0-ioctl (2015-10-28) initialised: dm-devel@redhat.com
[    4.650961] ledtrig-cpu: registered to indicate activity on CPUs
[    4.652221] NET: Registered protocol family 10
[    4.660407] NET: Registered protocol family 17
[    4.661126] Key type dns_resolver registered
[    4.661979] registered taskstats version 1
[    4.710057] Loading compiled-in X.509 certificates
[    4.711360] Loaded X.509 cert 'Build time autogenerated kernel key: b3e0fe4bcd6378c38a2c0a4648abbc1fa5043a22'
[    4.712841] zswap: loaded using pool lzo/zbud
[    4.714908] Key type trusted registered
[    4.718116] Key type encrypted registered
[    4.720892] AppArmor: AppArmor sha1 policy hashing enabled
[    4.722486] ima: No TPM chip found, activating TPM-bypass!
[    4.760231] ima: Allocated hash algorithm: sha1
[    4.780241] evm: HMAC attrs: 0x1
[    4.781124]   Magic number: 14:321:434
[    4.781880] rtc_cmos rtc_cmos: setting system clock to 2018-08-06 14:24:04 UTC (1533565444)
[    4.783379] BIOS EDD facility v0.16 2004-Jun-25, 0 devices found
[    4.784366] EDD information not available.
[    4.786173] Freeing unused kernel memory: 1516K
[    4.797076] Write protecting the kernel read-only data: 14336k
[    4.800560] Freeing unused kernel memory: 1680K
[    4.802943] Freeing unused kernel memory: 96K
Loading, please [    4.920358] random: systemd-udevd: uninitialized urandom read (16 bytes read, 3 bits of entropy available)
wait...
starting version 229
[    5.040629] tsc: Refined TSC clocksource calibration: 2713.173 MHz
[    5.041513] clocksource: tsc: mask: 0xffffffffffffffff max_cycles: 0x271bda5df1b, max_idle_ns: 440795295931 ns
[    5.042996] random: udevadm: uninitialized urandom read (16 bytes read, 3 bits of entropy available)
[    5.044382] random: udevadm: uninitialized urandom read (16 bytes read, 3 bits of entropy available)
[    5.052360] random: udevadm: uninitialized urandom read (16 bytes read, 3 bits of entropy available)
[    5.151113] random: udevadm: uninitialized urandom read (16 bytes read, 3 bits of entropy available)
[    5.155150] random: udevadm: uninitialized urandom read (16 bytes read, 3 bits of entropy available)
[    5.156582] random: udevadm: uninitialized urandom read (16 bytes read, 3 bits of entropy available)
[    5.158025] random: udevadm: uninitialized urandom read (16 bytes read, 3 bits of entropy available)
[    5.159694] random: udevadm: uninitialized urandom read (16 bytes read, 3 bits of entropy available)
[    5.161087] random: udevadm: uninitialized urandom read (16 bytes read, 3 bits of entropy available)
[    5.212131] e1000: Intel(R) PRO/1000 Network Driver - version 7.3.21-k8-NAPI
[    5.214389] e1000: Copyright (c) 1999-2006 Intel Corporation.
[    5.229765] Fusion MPT base driver 3.04.20
[    5.230579] Copyright (c) 1999-2008 LSI Corporation
[    5.248677] Fusion MPT SPI Host driver 3.04.20
[    5.268686] mptbase: ioc0: Initiating bringup
[    5.271541] AVX2 version of gcm_enc/dec engaged.
[    5.290267] AES CTR mode by8 optimization enabled
[    5.345132] ioc0: LSI53C1030 A0: Capabilities={Initiator}
[    5.450589] input: ImExPS/2 Generic Explorer Mouse as /devices/platform/i8042/serio1/input/input4
[    5.589755] scsi host2: ioc0: LSI53C1030 A0, FwRev=00000000h, Ports=1, MaxQ=256, IRQ=20
[    5.704016] scsi 2:0:0:0: Direct-Access     VBOX     HARDDISK         1.0  PQ: 0 ANSI: 5
[    5.707866] scsi target2:0:0: Beginning Domain Validation
[    5.711120] scsi target2:0:0: Domain Validation skipping write tests
[    5.713868] scsi target2:0:0: Ending Domain Validation
[    5.717129] scsi target2:0:0: asynchronous
[    5.719616] scsi 2:0:1:0: Direct-Access     VBOX     HARDDISK         1.0  PQ: 0 ANSI: 5
[    5.727859] scsi target2:0:1: Beginning Domain Validation
[    5.741869] scsi target2:0:1: Domain Validation skipping write tests
[    5.744758] scsi target2:0:1: Ending Domain Validation
[    5.747034] scsi target2:0:1: asynchronous
[    5.881577] sd 2:0:0:0: Attached scsi generic sg0 type 0
[    5.930252] sd 2:0:0:0: [sda] 20971520 512-byte logical blocks: (10.7 GB/10.0 GiB)
[    5.963521] sd 2:0:0:0: [sda] Write Protect is off
[    5.973032] sd 2:0:0:0: [sda] Incomplete mode parameter data
[    5.980161] sd 2:0:0:0: [sda] Assuming drive cache: write through
[    6.022093] sd 2:0:1:0: [sdb] 20480 512-byte logical blocks: (10.5 MB/10.0 MiB)
[    6.028997] sd 2:0:1:0: Attached scsi generic sg1 type 0
[    6.074309] sd 2:0:1:0: [sdb] Write Protect is off
[    6.086662]  sda: sda1
[    6.100395] sd 2:0:1:0: [sdb] Incomplete mode parameter data
[    6.110460] sd 2:0:1:0: [sdb] Assuming drive cache: write through
[    6.140927] sd 2:0:0:0: [sda] Attached SCSI disk
[    6.174754] sd 2:0:1:0: [sdb] Attached SCSI disk
[    6.294664] e1000 0000:00:03.0 eth0: (PCI:33MHz:32-bit) 02:21:52:1a:0a:14
[    6.304502] e1000 0000:00:03.0 eth0: Intel(R) PRO/1000 Network Connection
[    6.713710] e1000 0000:00:08.0 eth1: (PCI:33MHz:32-bit) 08:00:27:b7:cc:19
[    6.732134] e1000 0000:00:08.0 eth1: Intel(R) PRO/1000 Network Connection
[    6.756423] e1000 0000:00:08.0 enp0s8: renamed from eth1
[    6.771608] e1000 0000:00:03.0 enp0s3: renamed from eth0
Begin: Loading essential drivers ... [    8.195370] md: linear personality registered for level -1
[    8.224265] md: multipath personality registered for level -4
[    8.246222] md: raid0 personality registered for level 0
[    8.346437] md: raid1 personality registered for level 1
[    8.429283] raid6: sse2x1   gen()  5492 MB/s
[    8.649233] raid6: sse2x1   xor()  8445 MB/s
[    8.739297] raid6: sse2x2   gen()  9507 MB/s
[    8.839209] raid6: sse2x2   xor()  9315 MB/s
[    8.939209] raid6: sse2x4   gen() 13506 MB/s
[    9.019164] raid6: sse2x4   xor() 10738 MB/s
[    9.229201] raid6: avx2x1   gen() 20170 MB/s
[    9.359162] raid6: avx2x2   gen() 22248 MB/s
[    9.499174] raid6: avx2x4   gen() 26861 MB/s
[    9.500193] raid6: using algorithm avx2x4 gen() 26861 MB/s
[    9.559738] raid6: using avx2x2 recovery algorithm
[    9.562355] xor: automatically using best checksumming function:
[    9.629133]    avx       : 58058.000 MB/sec
[    9.631688] async_tx: api initialized (async)
[    9.645459] md: raid6 personality registered for level 6
[    9.646454] md: raid5 personality registered for level 5
[    9.647349] md: raid4 personality registered for level 4
[    9.653373] md: raid10 personality registered for level 10
done.
Begin: Running /scripts/init-premount ... done.
Begin: Mounting root file system ... Begin: Running /scripts/local-top ... done.
Begin: Running /scripts/local-premount ... [    9.688026] Btrfs loaded
Scanning for Btrfs filesystems
done.
Warning: fsck not present, so skipping root file system
[    9.713596] EXT4-fs (sda1): mounted filesystem with ordered data mode. Opts: (null)
done.
Begin: Running /scripts/local-bottom ... done.
Begin: Running /scripts/init-bottom ... done.
[    9.874847] systemd[1]: systemd 229 running in system mode. (+PAM +AUDIT +SELINUX +IMA +APPARMOR +SMACK +SYSVINIT +UTMP +LIBCRYPTSETUP +GCRYPT +GNUTLS +ACL +XZ -LZ4 +SECCOMP +BLKID +ELFUTILS +KMOD -IDN)
[    9.927997] systemd[1]: Detected virtualization oracle.
[    9.940898] systemd[1]: Detected architecture x86-64.

Welcome to [1mUbuntu 16.04.5 LTS[0m!

[    9.947521] systemd[1]: Set hostname to <ubuntu>.
[    9.952941] systemd[1]: Initializing machine ID from random generator.
[    9.954958] systemd[1]: Installed transient /etc/machine-id file.
[   10.143699] systemd[1]: Reached target System Time Synchronized.
[[0;32m  OK  [0m] Reached target System Time Synchronized.
[   10.165354] systemd[1]: Set up automount Arbitrary Executable File Formats File System Automount Point.
[[0;32m  OK  [0m] Set up automount Arbitrary Executab...ats File System Automount Point.
[   10.172811] systemd[1]: Listening on Syslog Socket.
[[0;32m  OK  [0m] Listening on Syslog Socket.
[   10.180764] systemd[1]: Reached target Encrypted Volumes.
[[0;32m  OK  [0m] Reached target Encrypted Volumes.
[   10.184357] systemd[1]: Listening on Journal Socket.
[[0;32m  OK  [0m] Listening on Journal Socket.
[   10.192066] systemd[1]: Listening on udev Kernel Socket.
[[0;32m  OK  [0m] Listening on udev Kernel Socket.
[   10.198512] systemd[1]: Created slice System Slice.
[[0;32m  OK  [0m] Created slice System Slice.
[   10.204340] systemd[1]: Starting Load Kernel Modules...
         Starting Load Kernel Modules...
[   10.211271] systemd[1]: Created slice system-serial\x2dgetty.slice.
[[0;32m  OK  [0m] Created slice system-serial\x2dgetty.slice.
[   10.233396] systemd[1]: Mounting Debug File System...
         Mounting Debug File System...
[   10.236354] Loading iSCSI transport class v2.0-870.
[   10.239540] systemd[1]: Listening on Journal Socket (/dev/log).
[[0;32m  OK  [0m] Listening on Journal Socket (/dev/log).
[   10.250616] systemd[1]: Started Forward Password Requests to Wall Directory Watch.
[[   10.263871] iscsi: registered transport (tcp)
[0;32m  OK  [0m] Started Forward Password Requests to Wall Directory Watch.
[   10.267373] systemd[1]: Listening on udev Control Socket.
[[0;32m  OK  [0m] Listening on udev Control Socket.
[   10.279656] systemd[1]: Starting Nameserver information manager...
         Starting Nameserver information manager...
[   10.290008] systemd[1]: Starting Uncomplicated firewall...
         Starting Uncomplicated firewall...
[   10.299680] systemd[1]: Starting Set console keymap...
         Starting Set con[   10.352528] iscsi: registered transport (iser)
sole keymap...
[   10.373317] systemd[1]: Starting Create list of required static device nodes for the current kernel...
         [   10.471798] random: nonblocking pool is initialized
Starting Create list of required st... nodes for the current kernel...
[   10.486387] systemd[1]: Reached target Swap.
[[0;32m  OK  [0m] Reached target Swap.
[   10.507993] systemd[1]: Created slice User and Session Slice.
[[0;32m  OK  [0m] Created slice User and Session Slice.
[   10.510292] systemd[1]: Reached target Slices.
[[0;32m  OK  [0m] Reached target Slices.
[   10.512678] systemd[1]: Mounting POSIX Message Queue File System...
         Mounting POSIX Message Queue File System...
[   10.514778] systemd[1]: Listening on LVM2 poll daemon socket.
[[0;32m  OK  [0m] Listening on LVM2 poll daemon socket.
[   10.518043] systemd[1]: Reached target User and Group Name Lookups.
[[0;32m  OK  [0m] Reached target User and Group Name Lookups.
[   10.520974] systemd[1]: Listening on Device-mapper event daemon FIFOs.
[[0;32m  OK  [0m] Listening on Device-mapper event daemon FIFOs.
[   10.523915] systemd[1]: Started Trigger resolvconf update for networkd DNS.
[[0;32m  OK  [0m] Started Trigger resolvconf update for networkd DNS.
[   10.526326] systemd[1]: Listening on LVM2 metadata daemon socket.
[[0;32m  OK  [0m] Listening on LVM2 metadata daemon socket.
[   10.537368] systemd[1]: Starting Monitoring of LVM2 mirrors, snapshots etc. using dmeventd or progress polling...
         Starting Monitoring of LVM2 mirrors... dmeventd or progress polling...
[   10.565022] systemd[1]: Listening on /dev/initctl Compatibility Named Pipe.
[[0;32m  OK  [0m] Listening on /dev/initctl Compatibility Named Pipe.
[   10.647711] systemd[1]: Mounting Huge Pages File System...
         Mounting Huge Pages File System...
[   10.750170] systemd[1]: Listening on Journal Audit Socket.
[[0;32m  OK  [0m] Listening on Journal Audit Socket.
[   10.755682] systemd[1]: Starting Journal Service...
         Starting Journal Service...
[   10.762981] systemd[1]: Starting Remount Root and Kernel File Systems...
         Starting Remount[   10.772914] EXT4-fs (sda1): re-mounted. Opts: (null)
 Root and Kernel File Systems...
[   10.782779] systemd[1]: Mounted Debug File System.
[[0;32m  OK  [0m] Mounted Debug File System.
[   10.785200] systemd[1]: Mounted Huge Pages File System.
[[0;32m  OK  [0m] Mounted Huge Pages File System.
[   10.787604] systemd[1]: Mounted POSIX Message Queue File System.
[[0;32m  OK  [0m] Mounted POSIX Message Queue File System.
[   10.792703] systemd[1]: Started Load Kernel Modules.
[[0;32m  OK  [0m] Started Load Kernel Modules.
[   10.798350] systemd[1]: Started Uncomplicated firewall.
[[0;32m  OK  [0m] Started Uncomplicated firewall.
[   10.830236] systemd[1]: Started Set console keymap.
[[0;32m  OK  [0m] Started Set console keymap.
[   10.944269] systemd[1]: Started Create list of required static device nodes for the current kernel.
[[0;32m  OK  [0m] Started Create list of required sta...ce nodes for the current kernel.
[   11.012059] systemd[1]: Started Remount Root and Kernel File Systems.
[[0;32m  OK  [0m] Started Remount Root and Kernel File Systems.
[   11.014489] systemd[1]: Started Nameserver information manager.
[[0;32m  OK  [0m] Started Nameserver information manager.
[   11.037970] systemd[1]: Started Journal Service.
[[0;32m  OK  [0m] Started Journal Service.
[[0;32m  OK  [0m] Started LVM2 metadata daemon.
         Starting Flush Journal to Persistent Storage...
         Starting udev Coldplug all Devices...
         Starting Load/Save Random Seed...
         Starting Create Static Device Nodes in /dev...
         Mounting FUSE Control File System...
         Starting Apply Kernel Variables...
[[0;32m  OK  [0m] Mounted FUSE Control File System.
[[0;32m  OK  [0m] Started Load/Save Random Seed.
[[0;32m  OK  [0m] Started Create Static Device Nodes in /dev.
[[0;32m  OK  [0m] Started Apply Kernel Variables.
[[0;32m  OK  [0m] Started udev Coldplug all Devices.
[[0;32m  OK  [0m] Started Flush Journal to Persistent Storage.
         Starting udev Kernel Device Manager...
[[0;32m  OK  [0m] Started udev Kernel Device Manager.
[[0;32m  OK  [0m] Started Dispatch Password Requests to Console Directory Watch.
[[0;32m  OK  [0m] Found device /dev/ttyS0.
[[0;32m  OK  [0m] Started Monitoring of LVM2 mirrors,...ng dmeventd or progress polling.
[[0;32m  OK  [0m] Reached target Local File Systems (Pre).
[[0;32m  OK  [0m] Reached target Local File Systems.
         Starting LSB: AppArmor initialization...
         Starting Commit a transient machine-id on disk...
         Starting Tell Plymouth To Write Out Runtime Data...
         Starting Set console font and keymap...
         Starting Initial cloud-init job (pre-networking)...
         Starting Create Volatile Files and Directories...
[[0;32m  OK  [0m] Started Commit a transient machine-id on disk.
[[0;32m  OK  [0m] Started Tell Plymouth To Write Out Runtime Data.
[[0;1;31mFAILED[0m] Failed to start Set console font and keymap.
See 'systemctl status console-setup.service' for details.
[[0;32m  OK  [0m] Started Create Volatile Files and Directories.
[[0;32m  OK  [0m] Listening on Load/Save RF Kill Switch Status /dev/rfkill Watch.
         Starting Update UTMP about System Boot/Shutdown...
[[0;32m  OK  [0m] Created slice system-getty.slice.
[[0;32m  OK  [0m] Started Update UTMP about System Boot/Shutdown.
[   12.416666] cloud-init[629]: Cloud-init v. 18.2 running 'init-local' at Mon, 06 Aug 2018 14:24:13 +0000. Up 11.82 seconds.
[[0;32m  OK  [0m] Started Initial cloud-init job (pre-networking).
[[0;32m  OK  [0m] Reached target Network (Pre).
[[0;32m  OK  [0m] Started LSB: AppArmor initialization.
         Starting Raise network interfaces...
[[0;32m  OK  [0m] Started Raise network interfaces.
[[0;32m  OK  [0m] Reached target Network.
         Starting Initial cloud-init job (metadata service crawler)...
[   14.427343] cloud-init[920]: Cloud-init v. 18.2 running 'init' at Mon, 06 Aug 2018 14:24:15 +0000. Up 13.58 seconds.
[[0;32m  OK  [0m] [   14.500260] cloud-init[920]: ci-info: +++++++++++++++++++++++++++++++++++++Net device info++++++++++++++++++++++++++++++++++++++
[   14.501393] cloud-init[920]: ci-info: +--------+-------+---------------------------+---------------+-------+-------------------+
[   14.501473] cloud-init[920]: ci-info: | Device |   Up  |          Address          |      Mask     | Scope |     Hw-Address    |
[   14.501555] cloud-init[920]: ci-info: +--------+-------+---------------------------+---------------+-------+-------------------+
[   14.501625] cloud-init[920]: ci-info: | enp0s3 |  True |         10.0.2.15         | 255.255.255.0 |   .   | 02:21:52:1a:0a:14 |
[   14.501708] cloud-init[920]: ci-info: | enp0s3 |  True | fe80::21:52ff:fe1a:a14/64 |       .       |  link | 02:21:52:1a:0a:14 |
[   14.501787] cloud-init[920]: ci-info: | enp0s8 | False |             .             |       .       |   .   | 08:00:27:b7:cc:19 |
[   14.501856] cloud-init[920]: ci-info: |   lo   |  True |         127.0.0.1         |   255.0.0.0   |   .   |         .         |
[   14.501923] cloud-init[920]: ci-info: |   lo   |  True |          ::1/128          |       .       |  host |         .         |
[   14.501991] cloud-init[920]: ci-info: +--------+-------+---------------------------+---------------+-------+-------------------+
[   14.502059] cloud-init[920]: ci-info: +++++++++++++++++++++++++++Route IPv4 info++++++++++++++++++++++++++++
[   14.502128] cloud-init[920]: ci-info: +-------+-------------+----------+---------------+-----------+-------+
[   14.502200] cloud-init[920]: ci-info: | Route | Destination | Gateway  |    Genmask    | Interface | Flags |
[   14.502271] cloud-init[920]: ci-info: +-------+-------------+----------+---------------+-----------+-------+
[   14.502340] cloud-init[920]: ci-info: |   0   |   0.0.0.0   | 10.0.2.2 |    0.0.0.0    |   enp0s3  |   UG  |
[   14.502407] cloud-init[920]: ci-info: |   1   |   10.0.2.0  | 0.0.0.0  | 255.255.255.0 |   enp0s3  |   U   |
[   14.502475] cloud-init[920]: ci-info: +-------+-------------+----------+---------------+-----------+-------+
[   14.502557] cloud-init[920]: Generating public/private rsa key pair.
[   14.502629] cloud-init[920]: Your identification has been saved in /etc/ssh/ssh_host_rsa_key.
[   14.502707] cloud-init[920]: Your public key has been saved in /etc/ssh/ssh_host_rsa_key.pub.
[   14.502815] cloud-init[920]: The key fingerprint is:
[   14.502927] cloud-init[920]: SHA256:3YIdwnhN44qJWHptl6GvuyXJ2esXAw+nG6ihwVkDjNc root@ubuntu-xenial
[   14.503037] cloud-init[920]: The key's randomart image is:
[   14.503145] cloud-init[920]: +---[RSA 2048]----+
[   14.503255] cloud-init[920]: | o .      o      |
[   14.503350] cloud-init[920]: |. + E  o + .     |
[   14.503420] cloud-init[920]: | . .. . = +      |
[   14.503487] cloud-init[920]: |   +oo =oO.o     |
[   14.503555] cloud-init[920]: | .ooo.*.S*+ .    |
[   14.503622] cloud-init[920]: |  +..o.*o +.     |
[   14.503689] cloud-init[920]: |   o o= +o o     |
[   14.503756] cloud-init[920]: |  . .  +...      |
[   14.503823] cloud-init[920]: |      ++o.       |
[   14.503890] cloud-init[920]: +----[SHA256]-----+
[   14.503957] cloud-init[920]: Generating public/private dsa key pair.
Started Initial cloud-init job (metadata service crawler).
[   14.504105] cloud-init[920]: Your identification has been saved in /etc/ssh/ssh_host_dsa_key.
[[0;32m  OK  [0m] Reached target Network is Online.
[   14.751316] cloud-init[920]: Your public key has been saved in /etc/ssh/ssh_host_dsa_key.pub.
[   14.766138] cloud-init[920]: The key fingerprint is:
[   14.766275] cloud-init[920]: SHA256:x6q+tyrMV7yqovls0X9ut2/NHhXJegEGgGqXQKKssUo root@ubuntu-xenial
[   14.766383] cloud-init[920]: The key's randomart image is:
[   14.766487] cloud-init[920]: +---[DSA 1024]----+
[   14.766592] cloud-init[920]: |   ...  .....o   |
[   14.766714] cloud-init[920]: |. . .. .    . o .|
[   14.766817] cloud-init[920]: |.o    o .      = |
[   14.766916] cloud-init[920]: |.o   o o .    . o|
[   14.767050] cloud-init[920]: |oE .. ..S o  . ..|
[   14.767159] cloud-init[920]: |o . .   oo    .. |
[   14.767259] cloud-init[920]: |.  + . ...   o.  |
[   14.767368] cloud-init[920]: | oo + o.= . . o. |
[   14.767475] cloud-init[920]: |o+o..=*Ooo.+...  |
[   14.767576] cloud-init[920]: +----[SHA256]-----+
[   14.767674] cloud-init[920]: Generating public/private ecdsa key pair.
[   14.767776] cloud-init[920]: Your identification has been saved in /etc/ssh/ssh_host_ecdsa_key.
[   14.767876] cloud-init[920]: Your public key has been saved in /etc/ssh/ssh_host_ecdsa_key.pub.
         Starting iSCSI initiator daemon (iscsid)...
[[0;32m  OK  [0m] Reached target System Initialization.[   14.767975] 
[[0;32m  OK  [0m] Listening on ACPID Listen Socket.
cloud-init[920]: The key fingerprint is:
[[0;32m  OK  [0m] Started ACPI Events Check.
[[0;32m  OK  [0m] Reached target Paths.
[   14.827480] cloud-init[920]: SHA256:8/k/ynROBviC83jANU0P/wFICtRkMN9N7m8wNShMpjQ root@ubuntu-xenial
[[0;32m  OK  [0m[   14.892696] cloud-init[920]: The key's randomart image is:
[   14.892835] cloud-init[920]: +---[ECDSA 256]---+
[   14.892946] cloud-init[920]: |      .=+E.+..   |
[   14.893074] cloud-init[920]: |        *.O.*..  |
[   14.893203] cloud-init[920]: |         + * B.o |
[   14.893308] cloud-init[920]: |          o.+ +..|
[   14.893414] cloud-init[920]: |       .S....+ ..|
[   14.893546] cloud-init[920]: |        o+ o .+ .|
[   14.893655] cloud-init[920]: |        o.+ o +o |
[   14.893755] cloud-init[920]: |         +.= =o  |
[   14.893856] cloud-init[920]: |        ... +oo. |
[   14.893958] cloud-init[920]: +----[SHA256]-----+
[   14.894058] cloud-init[920]: Generating public/private ed25519 key pair.
[   14.894158] cloud-init[920]: Your identification has been saved in /etc/ssh/ssh_host_ed25519_key.
[   14.894262] cloud-init[920]: Your public key has been saved in /etc/ssh/ssh_host_ed25519_key.pub.
[   14.894362] cloud-init[920]: The key fingerprint is:
[   14.894471] cloud-init[920]: SHA256:zw2bQ5JRp/ENpjzuHKFincBv7LzXWYSMzRr0iaKMkjs root@ubuntu-xenial
[   14.894574] cloud-init[920]: The key's randomart image is:
[   14.894673] cloud-init[920]: +--[ED25519 256]--+
[   14.894774] cloud-init[920]: |          o +    |
[   14.894896] cloud-init[920]: |     .   o.B o   |
[   14.895056] cloud-init[920]: |      o ..*B.o.  |
[   14.895186] cloud-init[920]: |       =.*+oB .  |
[   14.895287] cloud-init[920]: |   . oo.S.=o .   |
[   14.895387] cloud-init[920]: |  o ..o= B.*  .  |
[   14.895486] cloud-init[920]: |   o    o O..o   |
[   14.895584] cloud-init[920]: |  E      ...o    |
] Started Daily apt download activities.
[   14.896557] cloud-init[920]: |   .    ..       |
[[0;32m  OK  [0m] Started Daily apt upgrade and clean activities.[   15.005198] cloud-init[920]: +----[SHA256]-----+

[[0;32m  OK  [0m] Listening on UUID daemon activation socket.
[[0;32m  OK  [0m] Started Daily Cleanup of Temporary Directories.
[[0;32m  OK  [0m] Reached target Timers.
         Starting Socket activation for snappy daemon.
         Starting LXD - unix socket.
[[0;32m  OK  [0m] Listening on D-Bus System Message Bus Socket.
[[0;32m  OK  [0m] Reached target Cloud-config availability.
[[0;32m  OK  [0m] Listening on Socket activation for snappy daemon.
[[0;32m  OK  [0m] Listening on LXD - unix socket.
[[0;32m  OK  [0m] Started iSCSI initiator daemon (iscsid).
         Starting Login to default iSCSI targets...
[[0;32m  OK  [0m] Reached target Sockets.
[[0;32m  OK  [0m] Reached target Basic System.
         Starting LSB: MD monitoring daemon...
         Starting Accounts Service...
         Starting LSB: Record successful boot for GRUB...
         Starting LXD - container startup/shutdown...
[[0;32m  OK  [0m] Started D-Bus System Message Bus.
         Starting Pollinate to seed the pseudo random number generator...
[[0;32m  OK  [0m] Started Deferred execution scheduler.
         Starting Snappy daemon...
[[0;32m  OK  [0m] Started ACPI event daemon.
[[0;32m  OK  [0m] Started Unattended Upgrades Shutdown.
[[0;32m  OK  [0m] Started FUSE filesystem for LXC.
         Starting System Logging Service...
         Starting Virtualbox guest utils...
[[0;32m  OK  [0m] Started Regular background program processing daemon.
         Starting /etc/rc.local Compatibility...
         Starting Apply the settings specified in cloud-config...
         Starting Login Service...
[[0;32m  OK  [0m] Started System Logging Service.
[[0;32m  OK  [0m] Started LXD - container startup/shutdown.
[[0;32m  OK  [0m] Started /etc/rc.local Compatibility.
[[0;32m  OK  [0m] Started Snappy daemon.
[[0;32m  OK  [0m] Started Login to default iSCSI targets.
[[0;32m  OK  [0m] Started LSB: MD monitoring daemon.
[[0;32m  OK  [0m] Started LSB: Record successful boot for GRUB.
         Starting Authenticate and Authorize Users to Run Privileged Tasks...
[[0;32m  OK  [0m] Reached target Remote File Systems (Pre).
[[0;32m  OK  [0m] Reached target Remote File Systems.
         Starting Permit User Sessions...
         Starting LSB: Set the CPU Frequency Scaling governor to "ondemand"...
         Starting LSB: automatic crash report generation...
         Starting LSB: daemon to balance interrupts for SMP systems...
         Starting Wait until snapd is fully seeded...
[[0;32m  OK  [0m] Started Permit User Sessions.
[[0;32m  OK  [0m] Started Login Service.
[[0;32m  OK  [0m] Started Authenticate and Authorize Users to Run Privileged Tasks.
[[0;32m  OK  [0m] Started Accounts Service.
         Starting Hold until boot process finishes up...
         Starting Terminate Plymouth Boot Screen...
[[0;32m  OK  [0m] Started Hold until boot process finishes up.
[[0;32m  OK  [0m] Started LSB: Set the CPU Frequency Scaling governor to "ondemand".
[[0;32m  OK  [0m] Started LSB: automatic crash report generation.
[[0;32m  OK  [0m] Started Virtualbox guest utils.
[[0;32m  OK  [0m] Started LSB: daemon to balance interrupts for SMP systems.
[[0;32m  OK  [0m] Started Terminate Plymouth Boot Screen.
         Starting Set console scheme...
[[0;32m  OK  [0m] Started Getty on tty1.
[[0;32m  OK  [0m] Started Serial Getty on ttyS0.
[[0;32m  OK  [0m] Reached target Login Prompts.
[[0;32m  OK  [0m] Started Set console scheme.
[   16.839700] cloud-init[1118]: Generating locales (this might take a while)...
[   17.666760] cloud-init[1118]:   en_US.UTF-8... done
[   17.712704] cloud-init[1118]: Generation complete.
[   18.015217] cloud-init[1118]: Cloud-init v. 18.2 running 'modules:config' at Mon, 06 Aug 2018 14:24:18 +0000. Up 16.70 seconds.
[[0;32m  OK  [0m] Started Apply the settings specified in cloud-config.

Ubuntu 16.04.5 LTS ubuntu-xenial ttyS0

ubuntu-xenial login: ci-info: no authorized ssh keys fingerprints found for user ubuntu.
<14>Aug  6 14:24:57 ec2: 
<14>Aug  6 14:24:57 ec2: #############################################################
<14>Aug  6 14:24:57 ec2: -----BEGIN SSH HOST KEY FINGERPRINTS-----
<14>Aug  6 14:24:57 ec2: 1024 SHA256:x6q+tyrMV7yqovls0X9ut2/NHhXJegEGgGqXQKKssUo root@ubuntu-xenial (DSA)
<14>Aug  6 14:24:57 ec2: 256 SHA256:8/k/ynROBviC83jANU0P/wFICtRkMN9N7m8wNShMpjQ root@ubuntu-xenial (ECDSA)
<14>Aug  6 14:24:57 ec2: 256 SHA256:zw2bQ5JRp/ENpjzuHKFincBv7LzXWYSMzRr0iaKMkjs root@ubuntu-xenial (ED25519)
<14>Aug  6 14:24:57 ec2: 2048 SHA256:3YIdwnhN44qJWHptl6GvuyXJ2esXAw+nG6ihwVkDjNc root@ubuntu-xenial (RSA)
<14>Aug  6 14:24:57 ec2: -----END SSH HOST KEY FINGERPRINTS-----
<14>Aug  6 14:24:57 ec2: #############################################################
-----BEGIN SSH HOST KEY KEYS-----
ecdsa-sha2-nistp256 AAAAE2VjZHNhLXNoYTItbmlzdHAyNTYAAAAIbmlzdHAyNTYAAABBBA0ho+91/uOPwQ8yWHKaqfwHaDXpI8mG7IdaxK6LXIZfzcAvLSemOnECgLXkNmW9lskQrLNWKY52E2iqiwvhPVc= root@ubuntu-xenial
ssh-ed25519 AAAAC3NzaC1lZDI1NTE5AAAAICtrlqvaGBYuMd7TM+vzFmNAUzKV+4RkW9rXz9vEoEO8 root@ubuntu-xenial
ssh-rsa AAAAB3NzaC1yc2EAAAADAQABAAABAQCwgML8XVjjICv9rciZJK5W1LEhZ8siQw6fnaa4rnNiYhn3FZNufVZzzRPVfS1QUZUttFMxSp3kUiIAd5jCzNK7nGV58+BFhRP+MVlFR1H5Ec5i0/MomFApVLazEhpjpfd2ZK8HRfxmBYAa7lK1wvWoWFYIBfyosjcskkyY3HFnEGO/dU47SH16YzRfiW+IjxFMc6uDEJ4xWQIs5FOBCqOTiT9TROos8ulmC7kSoQhkmgRAAIqnswcu6R8XF13hE0WHiZArpbNKpYOtSsPG0m63bFdv7FImez7zlqIM/i/bscLtfDCBBhStmgyQRvQ3NItJk7uRaB332+WASw7ugl8n root@ubuntu-xenial
-----END SSH HOST KEY KEYS-----
[   56.390493] cloud-init[1871]: Cloud-init v. 18.2 running 'modules:final' at Mon, 06 Aug 2018 14:24:57 +0000. Up 56.26 seconds.
[   56.390657] cloud-init[1871]: ci-info: no authorized ssh keys fingerprints found for user ubuntu.
[   56.390751] cloud-init[1871]: Cloud-init v. 18.2 finished at Mon, 06 Aug 2018 14:24:57 +0000. Datasource DataSourceNoCloud [seed=/dev/sdb][dsmode=net].  Up 56.38 seconds
